#
# There is insufficient memory for the Java Runtime Environment to continue.
# Native memory allocation (mmap) failed to map 179306496 bytes for committing reserved memory.
# Possible reasons:
#   The system is out of physical RAM or swap space
#   The process is running with CompressedOops enabled, and the Java Heap may be blocking the growth of the native heap
# Possible solutions:
#   Reduce memory load on the system
#   Increase physical memory or swap space
#   Check if swap backing store is full
#   Decrease Java heap size (-Xmx/-Xms)
#   Decrease number of Java threads
#   Decrease Java thread stack sizes (-Xss)
#   Set larger code cache with -XX:ReservedCodeCacheSize=
#   JVM is running with Unscaled Compressed Oops mode in which the Java heap is
#     placed in the first 4GB address space. The Java Heap base address is the
#     maximum limit for the native heap growth. Please use -XX:HeapBaseMinAddress
#     to set the Java Heap base and to place the Java Heap above 4GB virtual address.
# This output file may be truncated or incomplete.
#
#  Out of Memory Error (os_linux.cpp:2992), pid=27900, tid=27909
#
# JRE version: OpenJDK Runtime Environment (11.0.12+7) (build 11.0.12+7-post-Debian-2deb10u1)
# Java VM: OpenJDK 64-Bit Server VM (11.0.12+7-post-Debian-2deb10u1, mixed mode, sharing, tiered, compressed oops, g1 gc, linux-amd64)
# No core dump will be written. Core dumps have been disabled. To enable core dumping, try "ulimit -c unlimited" before starting Java again
#

---------------  S U M M A R Y ------------

Command Line: --add-opens=java.base/java.util=ALL-UNNAMED --add-opens=java.base/java.lang=ALL-UNNAMED --add-opens=java.base/java.lang.invoke=ALL-UNNAMED --add-opens=java.prefs/java.util.prefs=ALL-UNNAMED -Xmx1536M -Dfile.encoding=UTF-8 -Duser.country=BR -Duser.language=pt -Duser.variant org.gradle.launcher.daemon.bootstrap.GradleDaemon 5.6.2

Host: AMD Ryzen 5 3600 6-Core Processor, 12 cores, 7G, Debian GNU/Linux 10 (buster)
Time: Sat Aug 21 16:12:43 2021 -04 elapsed time: 44.165971 seconds (0d 0h 0m 44s)

---------------  T H R E A D  ---------------

Current thread (0x00007f96cc11b800):  VMThread "VM Thread" [stack: 0x00007f96d0320000,0x00007f96d0420000] [id=27909]

Stack: [0x00007f96d0320000,0x00007f96d0420000],  sp=0x00007f96d041de30,  free space=1015k
Native frames: (J=compiled Java code, A=aot compiled Java code, j=interpreted, Vv=VM code, C=native code)
V  [libjvm.so+0xe35a3a]
V  [libjvm.so+0xe366fb]
V  [libjvm.so+0x65b585]
V  [libjvm.so+0xb8e748]
V  [libjvm.so+0xb84bad]
V  [libjvm.so+0x775b1f]
V  [libjvm.so+0x775ece]
V  [libjvm.so+0x77f526]
V  [libjvm.so+0x7f8534]
V  [libjvm.so+0x7f9140]
V  [libjvm.so+0x7f9567]
V  [libjvm.so+0x733560]
V  [libjvm.so+0x737f83]
V  [libjvm.so+0xe40a44]
V  [libjvm.so+0xe38118]
V  [libjvm.so+0xe3e117]
V  [libjvm.so+0xe3e7a8]
V  [libjvm.so+0xe3eab3]
V  [libjvm.so+0xdcfa99]
V  [libjvm.so+0xb92ffe]

VM_Operation (0x00007f96ac307300): G1CollectForAllocation, mode: safepoint, requested by thread 0x00007f96cd159800


---------------  P R O C E S S  ---------------

Threads class SMR info:
_java_thread_list=0x00007f96507b3700, length=38, elements={
0x00007f96cc016800, 0x00007f96cc11e800, 0x00007f96cc120800, 0x00007f96cc126000,
0x00007f96cc128000, 0x00007f96cc12a000, 0x00007f96cc12c000, 0x00007f96cc12e000,
0x00007f96cc18d000, 0x00007f96cd159800, 0x00007f96cd1c6800, 0x00007f96cd1f1000,
0x00007f965c014800, 0x00007f9654005800, 0x00007f9654008800, 0x00007f9654010000,
0x00007f9650006800, 0x00007f9650008000, 0x00007f9650012000, 0x00007f9650109800,
0x00007f9650111800, 0x00007f9650114800, 0x00007f9650398800, 0x00007f9650a1a000,
0x00007f9650a2c800, 0x00007f9650a4f800, 0x00007f9650b34000, 0x00007f9650b35800,
0x00007f9650266000, 0x00007f9650304800, 0x00007f9650306000, 0x00007f9650307800,
0x00007f9650309800, 0x00007f965030b000, 0x00007f96507ac800, 0x00007f96507ae000,
0x00007f96507b0000, 0x00007f96507b2000
}

Java Threads: ( => current thread )
  0x00007f96cc016800 JavaThread "main" [_thread_blocked, id=27903, stack(0x00007f96d2a35000,0x00007f96d2b36000)]
  0x00007f96cc11e800 JavaThread "Reference Handler" daemon [_thread_blocked, id=27910, stack(0x00007f96d021d000,0x00007f96d031e000)]
  0x00007f96cc120800 JavaThread "Finalizer" daemon [_thread_blocked, id=27911, stack(0x00007f96d011c000,0x00007f96d021d000)]
  0x00007f96cc126000 JavaThread "Signal Dispatcher" daemon [_thread_blocked, id=27912, stack(0x00007f96d001b000,0x00007f96d011c000)]
  0x00007f96cc128000 JavaThread "Service Thread" daemon [_thread_blocked, id=27913, stack(0x00007f96acc1a000,0x00007f96acd1b000)]
  0x00007f96cc12a000 JavaThread "C2 CompilerThread0" daemon [_thread_blocked, id=27914, stack(0x00007f96acb19000,0x00007f96acc1a000)]
  0x00007f96cc12c000 JavaThread "C1 CompilerThread0" daemon [_thread_blocked, id=27915, stack(0x00007f96aca18000,0x00007f96acb19000)]
  0x00007f96cc12e000 JavaThread "Sweeper thread" daemon [_thread_blocked, id=27916, stack(0x00007f96ac917000,0x00007f96aca18000)]
  0x00007f96cc18d000 JavaThread "Common-Cleaner" daemon [_thread_blocked, id=27917, stack(0x00007f96ac816000,0x00007f96ac917000)]
  0x00007f96cd159800 JavaThread "Daemon health stats" [_thread_blocked, id=27923, stack(0x00007f96ac209000,0x00007f96ac30a000)]
  0x00007f96cd1c6800 JavaThread "Incoming local TCP Connector on port 41413" [_thread_in_native, id=27924, stack(0x00007f96ac108000,0x00007f96ac209000)]
  0x00007f96cd1f1000 JavaThread "Daemon periodic checks" [_thread_blocked, id=27925, stack(0x00007f96ac007000,0x00007f96ac108000)]
  0x00007f965c014800 JavaThread "Daemon" [_thread_blocked, id=27926, stack(0x00007f96a5eff000,0x00007f96a6000000)]
  0x00007f9654005800 JavaThread "Handler for socket connection from /0:0:0:0:0:0:0:1:41413 to /0:0:0:0:0:0:0:1:56618" [_thread_in_native, id=27927, stack(0x00007f96a5dfe000,0x00007f96a5eff000)]
  0x00007f9654008800 JavaThread "Cancel handler" [_thread_blocked, id=27928, stack(0x00007f96a5cfd000,0x00007f96a5dfe000)]
  0x00007f9654010000 JavaThread "Daemon worker" [_thread_blocked, id=27929, stack(0x00007f96a5bfc000,0x00007f96a5cfd000)]
  0x00007f9650006800 JavaThread "Asynchronous log dispatcher for DefaultDaemonConnection: socket connection from /0:0:0:0:0:0:0:1:41413 to /0:0:0:0:0:0:0:1:56618" [_thread_blocked, id=27932, stack(0x00007f96a5afb000,0x00007f96a5bfc000)]
  0x00007f9650008000 JavaThread "Stdin handler" [_thread_blocked, id=27933, stack(0x00007f96a59fa000,0x00007f96a5afb000)]
  0x00007f9650012000 JavaThread "Thread-8" [_thread_blocked, id=27934, stack(0x00007f96a58f9000,0x00007f96a59fa000)]
  0x00007f9650109800 JavaThread "Cache worker for file hash cache (/home/guilherme/.gradle/caches/5.6.2/fileHashes)" [_thread_blocked, id=27935, stack(0x00007f96a55f8000,0x00007f96a56f9000)]
  0x00007f9650111800 JavaThread "File lock request listener" [_thread_in_native, id=27936, stack(0x00007f96a54f7000,0x00007f96a55f8000)]
  0x00007f9650114800 JavaThread "Cache worker for journal cache (/home/guilherme/.gradle/caches/journal-1)" [_thread_blocked, id=27937, stack(0x00007f96a53f6000,0x00007f96a54f7000)]
  0x00007f9650398800 JavaThread "Cache worker for file hash cache (/home/guilherme/Projetos/flutter/aulas_flutter_Udemy/curso_flutter/meals/meals/android/.gradle/5.6.2/fileHashes)" [_thread_blocked, id=27946, stack(0x00007f96a49e7000,0x00007f96a4ae8000)]
  0x00007f9650a1a000 JavaThread "Cache worker for cache directory md-supplier (/home/guilherme/.gradle/caches/5.6.2/md-supplier)" [_thread_blocked, id=27953, stack(0x00007f96a40e2000,0x00007f96a41e3000)]
  0x00007f9650a2c800 JavaThread "Cache worker for cache directory md-rule (/home/guilherme/.gradle/caches/5.6.2/md-rule)" [_thread_blocked, id=27954, stack(0x00007f960b4ff000,0x00007f960b600000)]
  0x00007f9650a4f800 JavaThread "Cache worker for execution history cache (/home/guilherme/.gradle/caches/5.6.2/executionHistory)" [_thread_blocked, id=27955, stack(0x00007f960b3fe000,0x00007f960b4ff000)]
  0x00007f9650b34000 JavaThread "Build operations" [_thread_blocked, id=27956, stack(0x00007f960b0fd000,0x00007f960b1fe000)]
  0x00007f9650b35800 JavaThread "Build operations Thread 2" [_thread_blocked, id=27957, stack(0x00007f960affc000,0x00007f960b0fd000)]
  0x00007f9650266000 JavaThread "Build operations Thread 3" [_thread_blocked, id=27959, stack(0x00007f960a2ab000,0x00007f960a3ac000)]
  0x00007f9650304800 JavaThread "Build operations Thread 4" [_thread_blocked, id=27960, stack(0x00007f960a1aa000,0x00007f960a2ab000)]
  0x00007f9650306000 JavaThread "Build operations Thread 5" [_thread_blocked, id=27961, stack(0x00007f960a0a9000,0x00007f960a1aa000)]
  0x00007f9650307800 JavaThread "Build operations Thread 6" [_thread_blocked, id=27962, stack(0x00007f9609fa8000,0x00007f960a0a9000)]
  0x00007f9650309800 JavaThread "Build operations Thread 7" [_thread_blocked, id=27963, stack(0x00007f9609ea7000,0x00007f9609fa8000)]
  0x00007f965030b000 JavaThread "Build operations Thread 8" [_thread_blocked, id=27964, stack(0x00007f9609da6000,0x00007f9609ea7000)]
  0x00007f96507ac800 JavaThread "Build operations Thread 9" [_thread_blocked, id=27965, stack(0x00007f9609ca5000,0x00007f9609da6000)]
  0x00007f96507ae000 JavaThread "Build operations Thread 10" [_thread_blocked, id=27966, stack(0x00007f9609ba4000,0x00007f9609ca5000)]
  0x00007f96507b0000 JavaThread "Build operations Thread 11" [_thread_blocked, id=27967, stack(0x00007f9609aa3000,0x00007f9609ba4000)]
  0x00007f96507b2000 JavaThread "Build operations Thread 12" [_thread_blocked, id=27968, stack(0x00007f96099a2000,0x00007f9609aa3000)]

Other Threads:
=>0x00007f96cc11b800 VMThread "VM Thread" [stack: 0x00007f96d0320000,0x00007f96d0420000] [id=27909]
  0x00007f96cc190800 WatcherThread [stack: 0x00007f96ac716000,0x00007f96ac816000] [id=27918]
  0x00007f96cc02e800 GCTaskThread "GC Thread#0" [stack: 0x00007f96d26e8000,0x00007f96d27e8000] [id=27904]
  0x00007f9698001000 GCTaskThread "GC Thread#1" [stack: 0x00007f96ac40e000,0x00007f96ac50e000] [id=27919]
  0x00007f9698002800 GCTaskThread "GC Thread#2" [stack: 0x00007f96ac30c000,0x00007f96ac40c000] [id=27920]
  0x00007f9698005800 GCTaskThread "GC Thread#3" [stack: 0x00007f96a50f6000,0x00007f96a51f6000] [id=27939]
  0x00007f9698007000 GCTaskThread "GC Thread#4" [stack: 0x00007f96a4ff4000,0x00007f96a50f4000] [id=27940]
  0x00007f9698008800 GCTaskThread "GC Thread#5" [stack: 0x00007f96a4ef2000,0x00007f96a4ff2000] [id=27941]
  0x00007f969800a000 GCTaskThread "GC Thread#6" [stack: 0x00007f96a4df0000,0x00007f96a4ef0000] [id=27942]
  0x00007f969800c000 GCTaskThread "GC Thread#7" [stack: 0x00007f96a4cee000,0x00007f96a4dee000] [id=27943]
  0x00007f969800e000 GCTaskThread "GC Thread#8" [stack: 0x00007f96a4bec000,0x00007f96a4cec000] [id=27944]
  0x00007f969800f800 GCTaskThread "GC Thread#9" [stack: 0x00007f96a4aea000,0x00007f96a4bea000] [id=27945]
  0x00007f96cc056800 ConcurrentGCThread "G1 Main Marker" [stack: 0x00007f96d1278000,0x00007f96d1378000] [id=27905]
  0x00007f96cc058800 ConcurrentGCThread "G1 Conc#0" [stack: 0x00007f96d1176000,0x00007f96d1276000] [id=27906]
  0x00007f96a8001000 ConcurrentGCThread "G1 Conc#1" [stack: 0x00007f96a42e7000,0x00007f96a43e7000] [id=27950]
  0x00007f96a8002800 ConcurrentGCThread "G1 Conc#2" [stack: 0x00007f96a41e5000,0x00007f96a42e5000] [id=27951]
  0x00007f96cc0ea000 ConcurrentGCThread "G1 Refine#0" [stack: 0x00007f96d066a000,0x00007f96d076a000] [id=27907]
  0x00007f96cc0eb800 ConcurrentGCThread "G1 Young RemSet Sampling" [stack: 0x00007f96d0568000,0x00007f96d0668000] [id=27908]

Threads with active compile tasks:
C2 CompilerThread0  44400 7756       4       com.google.common.collect.AbstractIterator::hasNext (65 bytes)
C1 CompilerThread0  44410 7773       3       java.util.stream.Sink$ChainedReference::end (10 bytes)

VM state:at safepoint (normal execution)

VM Mutex/Monitor currently owned by a thread:  ([mutex/lock_event])
[0x00007f96cc013360] Threads_lock - owner thread: 0x00007f96cc11b800
[0x00007f96cc013b40] Heap_lock - owner thread: 0x00007f96cd159800

Heap address: 0x00000000a0000000, size: 1536 MB, Compressed Oops mode: 32-bit
Narrow klass base: 0x0000000800000000, Narrow klass shift: 3
Compressed class space size: 1073741824 Address: 0x0000000840000000

Heap:
 garbage-first heap   total 350208K, used 98632K [0x00000000a0000000, 0x0000000100000000)
  region size 1024K, 1 young (1024K), 1 survivors (1024K)
 Metaspace       used 47127K, capacity 48080K, committed 48512K, reserved 1091584K
  class space    used 5917K, capacity 6226K, committed 6272K, reserved 1048576K
Heap Regions: E=young(eden), S=young(survivor), O=old, HS=humongous(starts), HC=humongous(continues), CS=collection set, F=free, A=archive, TAMS=top-at-mark-start (previous, next)
|   0|0x00000000a0000000, 0x00000000a0100000, 0x00000000a0100000|100%| O|  |TAMS 0x00000000a0100000, 0x00000000a0100000| Untracked 
|   1|0x00000000a0100000, 0x00000000a0200000, 0x00000000a0200000|100%| O|  |TAMS 0x00000000a0200000, 0x00000000a0200000| Untracked 
|   2|0x00000000a0200000, 0x00000000a0300000, 0x00000000a0300000|100%| O|  |TAMS 0x00000000a0300000, 0x00000000a0300000| Untracked 
|   3|0x00000000a0300000, 0x00000000a0400000, 0x00000000a0400000|100%|HS|  |TAMS 0x00000000a0400000, 0x00000000a0400000| Complete 
|   4|0x00000000a0400000, 0x00000000a0500000, 0x00000000a0500000|100%|HC|  |TAMS 0x00000000a0500000, 0x00000000a0500000| Complete 
|   5|0x00000000a0500000, 0x00000000a0600000, 0x00000000a0600000|100%|HC|  |TAMS 0x00000000a0600000, 0x00000000a0600000| Complete 
|   6|0x00000000a0600000, 0x00000000a0700000, 0x00000000a0700000|100%| O|  |TAMS 0x00000000a0700000, 0x00000000a0700000| Untracked 
|   7|0x00000000a0700000, 0x00000000a0800000, 0x00000000a0800000|100%| O|  |TAMS 0x00000000a0800000, 0x00000000a0800000| Untracked 
|   8|0x00000000a0800000, 0x00000000a0900000, 0x00000000a0900000|100%| O|  |TAMS 0x00000000a0900000, 0x00000000a0900000| Untracked 
|   9|0x00000000a0900000, 0x00000000a0a00000, 0x00000000a0a00000|100%| O|  |TAMS 0x00000000a0a00000, 0x00000000a0a00000| Untracked 
|  10|0x00000000a0a00000, 0x00000000a0b00000, 0x00000000a0b00000|100%| O|  |TAMS 0x00000000a0b00000, 0x00000000a0b00000| Untracked 
|  11|0x00000000a0b00000, 0x00000000a0c00000, 0x00000000a0c00000|100%| O|  |TAMS 0x00000000a0c00000, 0x00000000a0c00000| Untracked 
|  12|0x00000000a0c00000, 0x00000000a0d00000, 0x00000000a0d00000|100%| O|  |TAMS 0x00000000a0d00000, 0x00000000a0d00000| Untracked 
|  13|0x00000000a0d00000, 0x00000000a0e00000, 0x00000000a0e00000|100%| O|  |TAMS 0x00000000a0e00000, 0x00000000a0e00000| Untracked 
|  14|0x00000000a0e00000, 0x00000000a0f00000, 0x00000000a0f00000|100%| O|  |TAMS 0x00000000a0f00000, 0x00000000a0f00000| Untracked 
|  15|0x00000000a0f00000, 0x00000000a1000000, 0x00000000a1000000|100%| O|  |TAMS 0x00000000a1000000, 0x00000000a1000000| Untracked 
|  16|0x00000000a1000000, 0x00000000a1100000, 0x00000000a1100000|100%| O|  |TAMS 0x00000000a1100000, 0x00000000a1100000| Untracked 
|  17|0x00000000a1100000, 0x00000000a1200000, 0x00000000a1200000|100%| O|  |TAMS 0x00000000a1200000, 0x00000000a1200000| Untracked 
|  18|0x00000000a1200000, 0x00000000a1300000, 0x00000000a1300000|100%| O|  |TAMS 0x00000000a1300000, 0x00000000a1300000| Untracked 
|  19|0x00000000a1300000, 0x00000000a1400000, 0x00000000a1400000|100%| O|  |TAMS 0x00000000a1400000, 0x00000000a1400000| Untracked 
|  20|0x00000000a1400000, 0x00000000a1500000, 0x00000000a1500000|100%| O|  |TAMS 0x00000000a1500000, 0x00000000a1500000| Untracked 
|  21|0x00000000a1500000, 0x00000000a1600000, 0x00000000a1600000|100%| O|  |TAMS 0x00000000a1558600, 0x00000000a1600000| Untracked 
|  22|0x00000000a1600000, 0x00000000a1700000, 0x00000000a1700000|100%| O|  |TAMS 0x00000000a1600000, 0x00000000a1700000| Untracked 
|  23|0x00000000a1700000, 0x00000000a1800000, 0x00000000a1800000|100%| O|  |TAMS 0x00000000a1700000, 0x00000000a1800000| Untracked 
|  24|0x00000000a1800000, 0x00000000a1900000, 0x00000000a1900000|100%| O|  |TAMS 0x00000000a1800000, 0x00000000a1900000| Untracked 
|  25|0x00000000a1900000, 0x00000000a1a00000, 0x00000000a1a00000|100%| O|  |TAMS 0x00000000a1900000, 0x00000000a1a00000| Untracked 
|  26|0x00000000a1a00000, 0x00000000a1b00000, 0x00000000a1b00000|100%| O|  |TAMS 0x00000000a1a00000, 0x00000000a1b00000| Untracked 
|  27|0x00000000a1b00000, 0x00000000a1c00000, 0x00000000a1c00000|100%| O|  |TAMS 0x00000000a1b00000, 0x00000000a1c00000| Untracked 
|  28|0x00000000a1c00000, 0x00000000a1d00000, 0x00000000a1d00000|100%| O|  |TAMS 0x00000000a1c00000, 0x00000000a1d00000| Untracked 
|  29|0x00000000a1d00000, 0x00000000a1e00000, 0x00000000a1e00000|100%| O|  |TAMS 0x00000000a1d00000, 0x00000000a1e00000| Untracked 
|  30|0x00000000a1e00000, 0x00000000a1f00000, 0x00000000a1f00000|100%| O|  |TAMS 0x00000000a1e00000, 0x00000000a1f00000| Untracked 
|  31|0x00000000a1f00000, 0x00000000a2000000, 0x00000000a2000000|100%|HS|  |TAMS 0x00000000a1f00000, 0x00000000a2000000| Complete 
|  32|0x00000000a2000000, 0x00000000a2100000, 0x00000000a2100000|100%|HC|  |TAMS 0x00000000a2000000, 0x00000000a2100000| Complete 
|  33|0x00000000a2100000, 0x00000000a2200000, 0x00000000a2200000|100%|HC|  |TAMS 0x00000000a2100000, 0x00000000a2200000| Complete 
|  34|0x00000000a2200000, 0x00000000a2300000, 0x00000000a2300000|100%| O|  |TAMS 0x00000000a2200000, 0x00000000a2300000| Untracked 
|  35|0x00000000a2300000, 0x00000000a2400000, 0x00000000a2400000|100%| O|  |TAMS 0x00000000a2300000, 0x00000000a2400000| Untracked 
|  36|0x00000000a2400000, 0x00000000a2500000, 0x00000000a2500000|100%| O|  |TAMS 0x00000000a2400000, 0x00000000a2500000| Untracked 
|  37|0x00000000a2500000, 0x00000000a2600000, 0x00000000a2600000|100%| O|  |TAMS 0x00000000a2500000, 0x00000000a2600000| Untracked 
|  38|0x00000000a2600000, 0x00000000a2700000, 0x00000000a2700000|100%| O|  |TAMS 0x00000000a2600000, 0x00000000a2700000| Untracked 
|  39|0x00000000a2700000, 0x00000000a2800000, 0x00000000a2800000|100%| O|  |TAMS 0x00000000a2700000, 0x00000000a2800000| Untracked 
|  40|0x00000000a2800000, 0x00000000a2900000, 0x00000000a2900000|100%| O|  |TAMS 0x00000000a2800000, 0x00000000a2900000| Untracked 
|  41|0x00000000a2900000, 0x00000000a2a00000, 0x00000000a2a00000|100%| O|  |TAMS 0x00000000a2900000, 0x00000000a2a00000| Untracked 
|  42|0x00000000a2a00000, 0x00000000a2b00000, 0x00000000a2b00000|100%| O|  |TAMS 0x00000000a2a00000, 0x00000000a2b00000| Untracked 
|  43|0x00000000a2b00000, 0x00000000a2c00000, 0x00000000a2c00000|100%| O|  |TAMS 0x00000000a2b00000, 0x00000000a2c00000| Untracked 
|  44|0x00000000a2c00000, 0x00000000a2d00000, 0x00000000a2d00000|100%| O|  |TAMS 0x00000000a2c00000, 0x00000000a2d00000| Untracked 
|  45|0x00000000a2d00000, 0x00000000a2e00000, 0x00000000a2e00000|100%| O|  |TAMS 0x00000000a2d00000, 0x00000000a2e00000| Untracked 
|  46|0x00000000a2e00000, 0x00000000a2f00000, 0x00000000a2f00000|100%| O|  |TAMS 0x00000000a2e00000, 0x00000000a2f00000| Untracked 
|  47|0x00000000a2f00000, 0x00000000a3000000, 0x00000000a3000000|100%| O|  |TAMS 0x00000000a2f00000, 0x00000000a3000000| Untracked 
|  48|0x00000000a3000000, 0x00000000a3100000, 0x00000000a3100000|100%| O|  |TAMS 0x00000000a3000000, 0x00000000a3100000| Untracked 
|  49|0x00000000a3100000, 0x00000000a3200000, 0x00000000a3200000|100%| O|  |TAMS 0x00000000a3100000, 0x00000000a3200000| Untracked 
|  50|0x00000000a3200000, 0x00000000a3300000, 0x00000000a3300000|100%| O|  |TAMS 0x00000000a3200000, 0x00000000a3300000| Untracked 
|  51|0x00000000a3300000, 0x00000000a3400000, 0x00000000a3400000|100%| O|  |TAMS 0x00000000a3300000, 0x00000000a3400000| Untracked 
|  52|0x00000000a3400000, 0x00000000a3500000, 0x00000000a3500000|100%| O|  |TAMS 0x00000000a3400000, 0x00000000a3500000| Untracked 
|  53|0x00000000a3500000, 0x00000000a3600000, 0x00000000a3600000|100%| O|  |TAMS 0x00000000a3500000, 0x00000000a3600000| Untracked 
|  54|0x00000000a3600000, 0x00000000a3700000, 0x00000000a3700000|100%| O|  |TAMS 0x00000000a3600000, 0x00000000a3700000| Untracked 
|  55|0x00000000a3700000, 0x00000000a3800000, 0x00000000a3800000|100%| O|  |TAMS 0x00000000a3700000, 0x00000000a3800000| Untracked 
|  56|0x00000000a3800000, 0x00000000a3900000, 0x00000000a3900000|100%| O|  |TAMS 0x00000000a3800000, 0x00000000a3900000| Untracked 
|  57|0x00000000a3900000, 0x00000000a3a00000, 0x00000000a3a00000|100%| O|  |TAMS 0x00000000a3900000, 0x00000000a3a00000| Untracked 
|  58|0x00000000a3a00000, 0x00000000a3b00000, 0x00000000a3b00000|100%| O|  |TAMS 0x00000000a3a00000, 0x00000000a3b00000| Untracked 
|  59|0x00000000a3b00000, 0x00000000a3c00000, 0x00000000a3c00000|100%| O|  |TAMS 0x00000000a3b00000, 0x00000000a3c00000| Untracked 
|  60|0x00000000a3c00000, 0x00000000a3d00000, 0x00000000a3d00000|100%| O|  |TAMS 0x00000000a3c00000, 0x00000000a3d00000| Untracked 
|  61|0x00000000a3d00000, 0x00000000a3e00000, 0x00000000a3e00000|100%| O|  |TAMS 0x00000000a3d00000, 0x00000000a3e00000| Untracked 
|  62|0x00000000a3e00000, 0x00000000a3f00000, 0x00000000a3f00000|100%| O|  |TAMS 0x00000000a3e00000, 0x00000000a3f00000| Untracked 
|  63|0x00000000a3f00000, 0x00000000a4000000, 0x00000000a4000000|100%| O|  |TAMS 0x00000000a3f00000, 0x00000000a4000000| Untracked 
|  64|0x00000000a4000000, 0x00000000a4100000, 0x00000000a4100000|100%| O|  |TAMS 0x00000000a4000000, 0x00000000a4100000| Untracked 
|  65|0x00000000a4100000, 0x00000000a4200000, 0x00000000a4200000|100%| O|  |TAMS 0x00000000a4100000, 0x00000000a4200000| Untracked 
|  66|0x00000000a4200000, 0x00000000a4300000, 0x00000000a4300000|100%| O|  |TAMS 0x00000000a4200000, 0x00000000a4300000| Untracked 
|  67|0x00000000a4300000, 0x00000000a4400000, 0x00000000a4400000|100%| O|  |TAMS 0x00000000a4300000, 0x00000000a4400000| Untracked 
|  68|0x00000000a4400000, 0x00000000a4500000, 0x00000000a4500000|100%| O|  |TAMS 0x00000000a4400000, 0x00000000a4500000| Untracked 
|  69|0x00000000a4500000, 0x00000000a4600000, 0x00000000a4600000|100%| O|  |TAMS 0x00000000a4500000, 0x00000000a4600000| Untracked 
|  70|0x00000000a4600000, 0x00000000a4700000, 0x00000000a4700000|100%| O|  |TAMS 0x00000000a4600000, 0x00000000a4700000| Untracked 
|  71|0x00000000a4700000, 0x00000000a4800000, 0x00000000a4800000|100%| O|  |TAMS 0x00000000a4700000, 0x00000000a4800000| Untracked 
|  72|0x00000000a4800000, 0x00000000a4900000, 0x00000000a4900000|100%| O|  |TAMS 0x00000000a4800000, 0x00000000a4900000| Untracked 
|  73|0x00000000a4900000, 0x00000000a4a00000, 0x00000000a4a00000|100%| O|  |TAMS 0x00000000a4900000, 0x00000000a4a00000| Untracked 
|  74|0x00000000a4a00000, 0x00000000a4b00000, 0x00000000a4b00000|100%| O|  |TAMS 0x00000000a4a00000, 0x00000000a4b00000| Untracked 
|  75|0x00000000a4b00000, 0x00000000a4c00000, 0x00000000a4c00000|100%| O|  |TAMS 0x00000000a4b00000, 0x00000000a4c00000| Untracked 
|  76|0x00000000a4c00000, 0x00000000a4d00000, 0x00000000a4d00000|100%| O|  |TAMS 0x00000000a4c00000, 0x00000000a4d00000| Untracked 
|  77|0x00000000a4d00000, 0x00000000a4e00000, 0x00000000a4e00000|100%| O|  |TAMS 0x00000000a4d00000, 0x00000000a4e00000| Untracked 
|  78|0x00000000a4e00000, 0x00000000a4f00000, 0x00000000a4f00000|100%| O|  |TAMS 0x00000000a4e00000, 0x00000000a4f00000| Untracked 
|  79|0x00000000a4f00000, 0x00000000a5000000, 0x00000000a5000000|100%| O|  |TAMS 0x00000000a4f00000, 0x00000000a5000000| Untracked 
|  80|0x00000000a5000000, 0x00000000a5100000, 0x00000000a5100000|100%| O|  |TAMS 0x00000000a5000000, 0x00000000a5100000| Untracked 
|  81|0x00000000a5100000, 0x00000000a5200000, 0x00000000a5200000|100%| O|  |TAMS 0x00000000a5100000, 0x00000000a5200000| Untracked 
|  82|0x00000000a5200000, 0x00000000a5300000, 0x00000000a5300000|100%| O|  |TAMS 0x00000000a5200000, 0x00000000a5300000| Untracked 
|  83|0x00000000a5300000, 0x00000000a5400000, 0x00000000a5400000|100%| O|  |TAMS 0x00000000a5300000, 0x00000000a5400000| Untracked 
|  84|0x00000000a5400000, 0x00000000a5500000, 0x00000000a5500000|100%| O|  |TAMS 0x00000000a5400000, 0x00000000a5500000| Untracked 
|  85|0x00000000a5500000, 0x00000000a5600000, 0x00000000a5600000|100%| O|  |TAMS 0x00000000a5500000, 0x00000000a5600000| Untracked 
|  86|0x00000000a5600000, 0x00000000a5700000, 0x00000000a5700000|100%| O|  |TAMS 0x00000000a5600000, 0x00000000a5700000| Untracked 
|  87|0x00000000a5700000, 0x00000000a5800000, 0x00000000a5800000|100%| O|  |TAMS 0x00000000a5700000, 0x00000000a5800000| Untracked 
|  88|0x00000000a5800000, 0x00000000a5900000, 0x00000000a5900000|100%| O|  |TAMS 0x00000000a5800000, 0x00000000a5900000| Untracked 
|  89|0x00000000a5900000, 0x00000000a5a00000, 0x00000000a5a00000|100%| O|  |TAMS 0x00000000a5900000, 0x00000000a5a00000| Untracked 
|  90|0x00000000a5a00000, 0x00000000a5b00000, 0x00000000a5b00000|100%| O|  |TAMS 0x00000000a5a00000, 0x00000000a5b00000| Untracked 
|  91|0x00000000a5b00000, 0x00000000a5c00000, 0x00000000a5c00000|100%| O|  |TAMS 0x00000000a5b00000, 0x00000000a5c00000| Untracked 
|  92|0x00000000a5c00000, 0x00000000a5d00000, 0x00000000a5d00000|100%| O|  |TAMS 0x00000000a5c00000, 0x00000000a5d00000| Untracked 
|  93|0x00000000a5d00000, 0x00000000a5e00000, 0x00000000a5e00000|100%| O|  |TAMS 0x00000000a5d00000, 0x00000000a5e00000| Untracked 
|  94|0x00000000a5e00000, 0x00000000a5ea0000, 0x00000000a5f00000| 62%| O|  |TAMS 0x00000000a5e00000, 0x00000000a5ea0000| Untracked 
|  95|0x00000000a5f00000, 0x00000000a5f00000, 0x00000000a6000000|  0%| F|  |TAMS 0x00000000a5f00000, 0x00000000a5f00000| Untracked 
|  96|0x00000000a6000000, 0x00000000a6000000, 0x00000000a6100000|  0%| F|  |TAMS 0x00000000a6000000, 0x00000000a6000000| Untracked 
|  97|0x00000000a6100000, 0x00000000a6100000, 0x00000000a6200000|  0%| F|  |TAMS 0x00000000a6100000, 0x00000000a6100000| Untracked 
|  98|0x00000000a6200000, 0x00000000a6200000, 0x00000000a6300000|  0%| F|  |TAMS 0x00000000a6200000, 0x00000000a6200000| Untracked 
|  99|0x00000000a6300000, 0x00000000a6300000, 0x00000000a6400000|  0%| F|  |TAMS 0x00000000a6300000, 0x00000000a6300000| Untracked 
| 100|0x00000000a6400000, 0x00000000a6400000, 0x00000000a6500000|  0%| F|  |TAMS 0x00000000a6400000, 0x00000000a6400000| Untracked 
| 101|0x00000000a6500000, 0x00000000a6500000, 0x00000000a6600000|  0%| F|  |TAMS 0x00000000a6500000, 0x00000000a6500000| Untracked 
| 102|0x00000000a6600000, 0x00000000a6600000, 0x00000000a6700000|  0%| F|  |TAMS 0x00000000a6600000, 0x00000000a6600000| Untracked 
| 103|0x00000000a6700000, 0x00000000a6700000, 0x00000000a6800000|  0%| F|  |TAMS 0x00000000a6700000, 0x00000000a6700000| Untracked 
| 104|0x00000000a6800000, 0x00000000a6800000, 0x00000000a6900000|  0%| F|  |TAMS 0x00000000a6800000, 0x00000000a6800000| Untracked 
| 105|0x00000000a6900000, 0x00000000a6900000, 0x00000000a6a00000|  0%| F|  |TAMS 0x00000000a6900000, 0x00000000a6900000| Untracked 
| 106|0x00000000a6a00000, 0x00000000a6a00000, 0x00000000a6b00000|  0%| F|  |TAMS 0x00000000a6a00000, 0x00000000a6a00000| Untracked 
| 107|0x00000000a6b00000, 0x00000000a6b00000, 0x00000000a6c00000|  0%| F|  |TAMS 0x00000000a6b00000, 0x00000000a6b00000| Untracked 
| 108|0x00000000a6c00000, 0x00000000a6c00000, 0x00000000a6d00000|  0%| F|  |TAMS 0x00000000a6c00000, 0x00000000a6c00000| Untracked 
| 109|0x00000000a6d00000, 0x00000000a6d00000, 0x00000000a6e00000|  0%| F|  |TAMS 0x00000000a6d00000, 0x00000000a6d00000| Untracked 
| 110|0x00000000a6e00000, 0x00000000a6e00000, 0x00000000a6f00000|  0%| F|  |TAMS 0x00000000a6e00000, 0x00000000a6e00000| Untracked 
| 111|0x00000000a6f00000, 0x00000000a6f00000, 0x00000000a7000000|  0%| F|  |TAMS 0x00000000a6f00000, 0x00000000a6f00000| Untracked 
| 112|0x00000000a7000000, 0x00000000a7000000, 0x00000000a7100000|  0%| F|  |TAMS 0x00000000a7000000, 0x00000000a7000000| Untracked 
| 113|0x00000000a7100000, 0x00000000a7100000, 0x00000000a7200000|  0%| F|  |TAMS 0x00000000a7100000, 0x00000000a7100000| Untracked 
| 114|0x00000000a7200000, 0x00000000a7200000, 0x00000000a7300000|  0%| F|  |TAMS 0x00000000a7200000, 0x00000000a7200000| Untracked 
| 115|0x00000000a7300000, 0x00000000a7300000, 0x00000000a7400000|  0%| F|  |TAMS 0x00000000a7300000, 0x00000000a7300000| Untracked 
| 116|0x00000000a7400000, 0x00000000a7400000, 0x00000000a7500000|  0%| F|  |TAMS 0x00000000a7400000, 0x00000000a7400000| Untracked 
| 117|0x00000000a7500000, 0x00000000a7500000, 0x00000000a7600000|  0%| F|  |TAMS 0x00000000a7500000, 0x00000000a7500000| Untracked 
| 118|0x00000000a7600000, 0x00000000a7600000, 0x00000000a7700000|  0%| F|  |TAMS 0x00000000a7600000, 0x00000000a7600000| Untracked 
| 119|0x00000000a7700000, 0x00000000a7700000, 0x00000000a7800000|  0%| F|  |TAMS 0x00000000a7700000, 0x00000000a7700000| Untracked 
| 120|0x00000000a7800000, 0x00000000a7800000, 0x00000000a7900000|  0%| F|  |TAMS 0x00000000a7800000, 0x00000000a7800000| Untracked 
| 121|0x00000000a7900000, 0x00000000a7900000, 0x00000000a7a00000|  0%| F|  |TAMS 0x00000000a7900000, 0x00000000a7900000| Untracked 
| 122|0x00000000a7a00000, 0x00000000a7a00000, 0x00000000a7b00000|  0%| F|  |TAMS 0x00000000a7a00000, 0x00000000a7a00000| Untracked 
| 123|0x00000000a7b00000, 0x00000000a7b00000, 0x00000000a7c00000|  0%| F|  |TAMS 0x00000000a7b00000, 0x00000000a7b00000| Untracked 
| 124|0x00000000a7c00000, 0x00000000a7c00000, 0x00000000a7d00000|  0%| F|  |TAMS 0x00000000a7c00000, 0x00000000a7c00000| Untracked 
| 125|0x00000000a7d00000, 0x00000000a7d00000, 0x00000000a7e00000|  0%| F|  |TAMS 0x00000000a7d00000, 0x00000000a7d00000| Untracked 
| 126|0x00000000a7e00000, 0x00000000a7e00000, 0x00000000a7f00000|  0%| F|  |TAMS 0x00000000a7e00000, 0x00000000a7e00000| Untracked 
| 127|0x00000000a7f00000, 0x00000000a7f00000, 0x00000000a8000000|  0%| F|  |TAMS 0x00000000a7f00000, 0x00000000a7f00000| Untracked 
| 128|0x00000000a8000000, 0x00000000a8000000, 0x00000000a8100000|  0%| F|  |TAMS 0x00000000a8000000, 0x00000000a8000000| Untracked 
| 129|0x00000000a8100000, 0x00000000a8100000, 0x00000000a8200000|  0%| F|  |TAMS 0x00000000a8100000, 0x00000000a8100000| Untracked 
| 130|0x00000000a8200000, 0x00000000a8200000, 0x00000000a8300000|  0%| F|  |TAMS 0x00000000a8200000, 0x00000000a8200000| Untracked 
| 131|0x00000000a8300000, 0x00000000a8300000, 0x00000000a8400000|  0%| F|  |TAMS 0x00000000a8300000, 0x00000000a8300000| Untracked 
| 132|0x00000000a8400000, 0x00000000a8400000, 0x00000000a8500000|  0%| F|  |TAMS 0x00000000a8400000, 0x00000000a8400000| Untracked 
| 133|0x00000000a8500000, 0x00000000a8500000, 0x00000000a8600000|  0%| F|  |TAMS 0x00000000a8500000, 0x00000000a8500000| Untracked 
| 134|0x00000000a8600000, 0x00000000a8600000, 0x00000000a8700000|  0%| F|  |TAMS 0x00000000a8600000, 0x00000000a8600000| Untracked 
| 135|0x00000000a8700000, 0x00000000a8700000, 0x00000000a8800000|  0%| F|  |TAMS 0x00000000a8700000, 0x00000000a8700000| Untracked 
| 136|0x00000000a8800000, 0x00000000a8800000, 0x00000000a8900000|  0%| F|  |TAMS 0x00000000a8800000, 0x00000000a8800000| Untracked 
| 137|0x00000000a8900000, 0x00000000a8900000, 0x00000000a8a00000|  0%| F|  |TAMS 0x00000000a8900000, 0x00000000a8900000| Untracked 
| 138|0x00000000a8a00000, 0x00000000a8a00000, 0x00000000a8b00000|  0%| F|  |TAMS 0x00000000a8a00000, 0x00000000a8a00000| Untracked 
| 139|0x00000000a8b00000, 0x00000000a8b00000, 0x00000000a8c00000|  0%| F|  |TAMS 0x00000000a8b00000, 0x00000000a8b00000| Untracked 
| 140|0x00000000a8c00000, 0x00000000a8c00000, 0x00000000a8d00000|  0%| F|  |TAMS 0x00000000a8c00000, 0x00000000a8c00000| Untracked 
| 141|0x00000000a8d00000, 0x00000000a8d00000, 0x00000000a8e00000|  0%| F|  |TAMS 0x00000000a8d00000, 0x00000000a8d00000| Untracked 
| 142|0x00000000a8e00000, 0x00000000a8e00000, 0x00000000a8f00000|  0%| F|  |TAMS 0x00000000a8e00000, 0x00000000a8e00000| Untracked 
| 143|0x00000000a8f00000, 0x00000000a8f00000, 0x00000000a9000000|  0%| F|  |TAMS 0x00000000a8f00000, 0x00000000a8f00000| Untracked 
| 144|0x00000000a9000000, 0x00000000a9000000, 0x00000000a9100000|  0%| F|  |TAMS 0x00000000a9000000, 0x00000000a9000000| Untracked 
| 145|0x00000000a9100000, 0x00000000a9100000, 0x00000000a9200000|  0%| F|  |TAMS 0x00000000a9100000, 0x00000000a9100000| Untracked 
| 146|0x00000000a9200000, 0x00000000a9200000, 0x00000000a9300000|  0%| F|  |TAMS 0x00000000a9200000, 0x00000000a9200000| Untracked 
| 147|0x00000000a9300000, 0x00000000a9300000, 0x00000000a9400000|  0%| F|  |TAMS 0x00000000a9300000, 0x00000000a9300000| Untracked 
| 148|0x00000000a9400000, 0x00000000a9400000, 0x00000000a9500000|  0%| F|  |TAMS 0x00000000a9400000, 0x00000000a9400000| Untracked 
| 149|0x00000000a9500000, 0x00000000a9500000, 0x00000000a9600000|  0%| F|  |TAMS 0x00000000a9500000, 0x00000000a9500000| Untracked 
| 150|0x00000000a9600000, 0x00000000a9600000, 0x00000000a9700000|  0%| F|  |TAMS 0x00000000a9600000, 0x00000000a9600000| Untracked 
| 151|0x00000000a9700000, 0x00000000a9700000, 0x00000000a9800000|  0%| F|  |TAMS 0x00000000a9700000, 0x00000000a9700000| Untracked 
| 152|0x00000000a9800000, 0x00000000a9800000, 0x00000000a9900000|  0%| F|  |TAMS 0x00000000a9800000, 0x00000000a9800000| Untracked 
| 153|0x00000000a9900000, 0x00000000a9900000, 0x00000000a9a00000|  0%| F|  |TAMS 0x00000000a9900000, 0x00000000a9900000| Untracked 
| 154|0x00000000a9a00000, 0x00000000a9a00000, 0x00000000a9b00000|  0%| F|  |TAMS 0x00000000a9a00000, 0x00000000a9a00000| Untracked 
| 155|0x00000000a9b00000, 0x00000000a9b00000, 0x00000000a9c00000|  0%| F|  |TAMS 0x00000000a9b00000, 0x00000000a9b00000| Untracked 
| 156|0x00000000a9c00000, 0x00000000a9c00000, 0x00000000a9d00000|  0%| F|  |TAMS 0x00000000a9c00000, 0x00000000a9c00000| Untracked 
| 157|0x00000000a9d00000, 0x00000000a9d00000, 0x00000000a9e00000|  0%| F|  |TAMS 0x00000000a9d00000, 0x00000000a9d00000| Untracked 
| 158|0x00000000a9e00000, 0x00000000a9e00000, 0x00000000a9f00000|  0%| F|  |TAMS 0x00000000a9e00000, 0x00000000a9e00000| Untracked 
| 159|0x00000000a9f00000, 0x00000000a9f00000, 0x00000000aa000000|  0%| F|  |TAMS 0x00000000a9f00000, 0x00000000a9f00000| Untracked 
| 160|0x00000000aa000000, 0x00000000aa000000, 0x00000000aa100000|  0%| F|  |TAMS 0x00000000aa000000, 0x00000000aa000000| Untracked 
| 161|0x00000000aa100000, 0x00000000aa100000, 0x00000000aa200000|  0%| F|  |TAMS 0x00000000aa100000, 0x00000000aa100000| Untracked 
| 162|0x00000000aa200000, 0x00000000aa200000, 0x00000000aa300000|  0%| F|  |TAMS 0x00000000aa200000, 0x00000000aa200000| Untracked 
| 163|0x00000000aa300000, 0x00000000aa300000, 0x00000000aa400000|  0%| F|  |TAMS 0x00000000aa300000, 0x00000000aa300000| Untracked 
| 164|0x00000000aa400000, 0x00000000aa400000, 0x00000000aa500000|  0%| F|  |TAMS 0x00000000aa400000, 0x00000000aa400000| Untracked 
| 165|0x00000000aa500000, 0x00000000aa500000, 0x00000000aa600000|  0%| F|  |TAMS 0x00000000aa500000, 0x00000000aa500000| Untracked 
| 166|0x00000000aa600000, 0x00000000aa600000, 0x00000000aa700000|  0%| F|  |TAMS 0x00000000aa600000, 0x00000000aa600000| Untracked 
| 167|0x00000000aa700000, 0x00000000aa800000, 0x00000000aa800000|100%| S|CS|TAMS 0x00000000aa700000, 0x00000000aa700000| Complete 
| 168|0x00000000aa800000, 0x00000000aa800000, 0x00000000aa900000|  0%| F|  |TAMS 0x00000000aa800000, 0x00000000aa800000| Untracked 
|1534|0x00000000ffe00000, 0x00000000ffe47000, 0x00000000fff00000| 27%|OA|  |TAMS 0x00000000ffe47000, 0x00000000ffe47000| Untracked 
|1535|0x00000000fff00000, 0x00000000fff6b000, 0x0000000100000000| 41%|CA|  |TAMS 0x00000000fff6b000, 0x00000000fff6b000| Untracked 

Card table byte_map: [0x00007f96d16dc000,0x00007f96d19dc000] _byte_map_base: 0x00007f96d11dc000

Marking Bits (Prev, Next): (CMBitMap*) 0x00007f96cc04f968, (CMBitMap*) 0x00007f96cc04f9a0
 Prev Bits: [0x00007f96ae800000, 0x00007f96b0000000)
 Next Bits: [0x00007f96ad000000, 0x00007f96ae800000)

Polling page: 0x00007f96d44dc000

Metaspace:

Usage:
  Non-class:     40,87 MB capacity,    40,24 MB ( 98%) used,   561,59 KB (  1%) free+waste,    82,75 KB ( <1%) overhead. 
      Class:      6,08 MB capacity,     5,78 MB ( 95%) used,   271,32 KB (  4%) free+waste,    36,94 KB ( <1%) overhead. 
       Both:     46,95 MB capacity,    46,02 MB ( 98%) used,   832,91 KB (  2%) free+waste,   119,69 KB ( <1%) overhead. 

Virtual space:
  Non-class space:       42,00 MB reserved,      41,25 MB ( 98%) committed 
      Class space:        1,00 GB reserved,       6,12 MB ( <1%) committed 
             Both:        1,04 GB reserved,      47,38 MB (  4%) committed 

Chunk freelists:
   Non-Class:  186,00 KB
       Class:  14,00 KB
        Both:  200,00 KB

MaxMetaspaceSize: unlimited
CompressedClassSpaceSize: 1,00 GB
Initial GC threshold: 20,80 MB
Current GC threshold: 58,75 MB
CDS: on

CodeHeap 'non-profiled nmethods': size=120032Kb used=4592Kb max_used=4592Kb free=115440Kb
 bounds [0x00007f96bc327000, 0x00007f96bc7a7000, 0x00007f96c385f000]
CodeHeap 'profiled nmethods': size=120028Kb used=18305Kb max_used=18305Kb free=101722Kb
 bounds [0x00007f96b4df0000, 0x00007f96b5fe0000, 0x00007f96bc327000]
CodeHeap 'non-nmethods': size=5700Kb used=2320Kb max_used=2365Kb free=3379Kb
 bounds [0x00007f96b485f000, 0x00007f96b4acf000, 0x00007f96b4df0000]
 total_blobs=8557 nmethods=7731 adapters=739
 compilation: enabled
              stopped_count=0, restarted_count=0
 full_count=0

Compilation events (20 events):
Event: 36,774 Thread 0x00007f96cc12a000 7750       4       jdk.internal.misc.InnocuousThread::eraseThreadLocals (23 bytes)
Event: 36,785 Thread 0x00007f96cc12a000 nmethod 7750 0x00007f96bc7a0a10 code [0x00007f96bc7a0ba0, 0x00007f96bc7a0cb8]
Event: 36,934 Thread 0x00007f96cc12c000 7751       3       com.google.common.collect.AbstractIterator::hasNext (65 bytes)
Event: 36,955 Thread 0x00007f96cc12c000 nmethod 7751 0x00007f96b5fcdd10 code [0x00007f96b5fcdf00, 0x00007f96b5fce2f0]
Event: 36,961 Thread 0x00007f96cc12c000 7752       3       java.lang.String::regionMatches (150 bytes)
Event: 36,962 Thread 0x00007f96cc12c000 nmethod 7752 0x00007f96b5fce490 code [0x00007f96b5fce700, 0x00007f96b5fcf0c0]
Event: 36,962 Thread 0x00007f96cc12c000 7753       3       java.util.zip.ZipCoder$UTF8::toString (12 bytes)
Event: 36,965 Thread 0x00007f96cc12c000 nmethod 7753 0x00007f96b5fcf410 code [0x00007f96b5fcf5e0, 0x00007f96b5fcf780]
Event: 36,991 Thread 0x00007f96cc12a000 7754       4       java.lang.String::regionMatches (150 bytes)
Event: 37,147 Thread 0x00007f96cc12a000 nmethod 7754 0x00007f96bc7a0d10 code [0x00007f96bc7a0f00, 0x00007f96bc7a1758]
Event: 37,169 Thread 0x00007f96cc12a000 7755   !   4       java.util.concurrent.locks.AbstractQueuedSynchronizer::acquireQueued (74 bytes)
Event: 37,722 Thread 0x00007f96cc12c000 7761       3       java.util.stream.Sink$ChainedReference::cancellationRequested (10 bytes)
Event: 37,858 Thread 0x00007f96cc12c000 nmethod 7761 0x00007f96b5fcf890 code [0x00007f96b5fcfa40, 0x00007f96b5fcfc20]
Event: 40,721 Thread 0x00007f96cc12c000 7766       3       java.util.concurrent.ThreadPoolExecutor::beforeExecute (1 bytes)
Event: 40,821 Thread 0x00007f96cc12a000 nmethod 7755 0x00007f96bc7a1d90 code [0x00007f96bc7a1f80, 0x00007f96bc7a2c48]
Event: 40,909 Thread 0x00007f96cc12a000 7756       4       com.google.common.collect.AbstractIterator::hasNext (65 bytes)
Event: 41,519 Thread 0x00007f96cc12c000 nmethod 7766 0x00007f96b5fcfd10 code [0x00007f96b5fcfec0, 0x00007f96b5fcffd0]
Event: 41,538 Thread 0x00007f96cc12c000 7768       3       java.util.HashMap$ValueSpliterator::characteristics (28 bytes)
Event: 44,038 Thread 0x00007f96cc12c000 nmethod 7768 0x00007f96b5fd0090 code [0x00007f96b5fd0240, 0x00007f96b5fd0410]
Event: 44,056 Thread 0x00007f96cc12c000 7773       3       java.util.stream.Sink$ChainedReference::end (10 bytes)

GC Heap History (20 events):
Event: 3,809 GC heap after
{Heap after GC invocations=7 (full 0):
 garbage-first heap   total 131072K, used 26231K [0x00000000a0000000, 0x0000000100000000)
  region size 1024K, 4 young (4096K), 4 survivors (4096K)
 Metaspace       used 34797K, capacity 35510K, committed 35840K, reserved 1081344K
  class space    used 4668K, capacity 4916K, committed 4992K, reserved 1048576K
}
Event: 6,252 GC heap before
{Heap before GC invocations=8 (full 0):
 garbage-first heap   total 131072K, used 84599K [0x00000000a0000000, 0x0000000100000000)
  region size 1024K, 62 young (63488K), 4 survivors (4096K)
 Metaspace       used 44054K, capacity 44888K, committed 45312K, reserved 1089536K
  class space    used 5768K, capacity 6031K, committed 6144K, reserved 1048576K
}
Event: 6,286 GC heap after
{Heap after GC invocations=9 (full 0):
 garbage-first heap   total 175104K, used 30901K [0x00000000a0000000, 0x0000000100000000)
  region size 1024K, 8 young (8192K), 8 survivors (8192K)
 Metaspace       used 44054K, capacity 44888K, committed 45312K, reserved 1089536K
  class space    used 5768K, capacity 6031K, committed 6144K, reserved 1048576K
}
Event: 12,637 GC heap before
{Heap before GC invocations=9 (full 0):
 garbage-first heap   total 175104K, used 107701K [0x00000000a0000000, 0x0000000100000000)
  region size 1024K, 84 young (86016K), 8 survivors (8192K)
 Metaspace       used 45425K, capacity 46352K, committed 46592K, reserved 1089536K
  class space    used 5800K, capacity 6105K, committed 6144K, reserved 1048576K
}
Event: 12,683 GC heap after
{Heap after GC invocations=10 (full 0):
 garbage-first heap   total 175104K, used 33189K [0x00000000a0000000, 0x0000000100000000)
  region size 1024K, 8 young (8192K), 8 survivors (8192K)
 Metaspace       used 45425K, capacity 46352K, committed 46592K, reserved 1089536K
  class space    used 5800K, capacity 6105K, committed 6144K, reserved 1048576K
}
Event: 33,613 GC heap before
{Heap before GC invocations=10 (full 0):
 garbage-first heap   total 175104K, used 112037K [0x00000000a0000000, 0x0000000100000000)
  region size 1024K, 86 young (88064K), 8 survivors (8192K)
 Metaspace       used 46663K, capacity 47585K, committed 48000K, reserved 1091584K
  class space    used 5884K, capacity 6191K, committed 6272K, reserved 1048576K
}
Event: 33,646 GC heap after
{Heap after GC invocations=11 (full 0):
 garbage-first heap   total 175104K, used 34113K [0x00000000a0000000, 0x0000000100000000)
  region size 1024K, 4 young (4096K), 4 survivors (4096K)
 Metaspace       used 46663K, capacity 47585K, committed 48000K, reserved 1091584K
  class space    used 5884K, capacity 6191K, committed 6272K, reserved 1048576K
}
Event: 35,772 GC heap before
{Heap before GC invocations=11 (full 0):
 garbage-first heap   total 175104K, used 119105K [0x00000000a0000000, 0x0000000100000000)
  region size 1024K, 87 young (89088K), 4 survivors (4096K)
 Metaspace       used 47067K, capacity 48016K, committed 48256K, reserved 1091584K
  class space    used 5913K, capacity 6226K, committed 6272K, reserved 1048576K
}
Event: 35,786 GC heap after
{Heap after GC invocations=12 (full 0):
 garbage-first heap   total 175104K, used 37594K [0x00000000a0000000, 0x0000000100000000)
  region size 1024K, 7 young (7168K), 7 survivors (7168K)
 Metaspace       used 47067K, capacity 48016K, committed 48256K, reserved 1091584K
  class space    used 5913K, capacity 6226K, committed 6272K, reserved 1048576K
}
Event: 36,251 GC heap before
{Heap before GC invocations=12 (full 0):
 garbage-first heap   total 175104K, used 128730K [0x00000000a0000000, 0x0000000100000000)
  region size 1024K, 96 young (98304K), 7 survivors (7168K)
 Metaspace       used 47123K, capacity 48080K, committed 48512K, reserved 1091584K
  class space    used 5917K, capacity 6226K, committed 6272K, reserved 1048576K
}
Event: 36,272 GC heap after
{Heap after GC invocations=13 (full 0):
 garbage-first heap   total 175104K, used 34175K [0x00000000a0000000, 0x0000000100000000)
  region size 1024K, 2 young (2048K), 2 survivors (2048K)
 Metaspace       used 47123K, capacity 48080K, committed 48512K, reserved 1091584K
  class space    used 5917K, capacity 6226K, committed 6272K, reserved 1048576K
}
Event: 36,746 GC heap before
{Heap before GC invocations=13 (full 0):
 garbage-first heap   total 175104K, used 135551K [0x00000000a0000000, 0x0000000100000000)
  region size 1024K, 98 young (100352K), 2 survivors (2048K)
 Metaspace       used 47126K, capacity 48080K, committed 48512K, reserved 1091584K
  class space    used 5917K, capacity 6226K, committed 6272K, reserved 1048576K
}
Event: 36,769 GC heap after
{Heap after GC invocations=14 (full 0):
 garbage-first heap   total 175104K, used 41773K [0x00000000a0000000, 0x0000000100000000)
  region size 1024K, 7 young (7168K), 7 survivors (7168K)
 Metaspace       used 47126K, capacity 48080K, committed 48512K, reserved 1091584K
  class space    used 5917K, capacity 6226K, committed 6272K, reserved 1048576K
}
Event: 37,289 GC heap before
{Heap before GC invocations=14 (full 0):
 garbage-first heap   total 175104K, used 135981K [0x00000000a0000000, 0x0000000100000000)
  region size 1024K, 99 young (101376K), 7 survivors (7168K)
 Metaspace       used 47126K, capacity 48080K, committed 48512K, reserved 1091584K
  class space    used 5917K, capacity 6226K, committed 6272K, reserved 1048576K
}
Event: 37,435 GC heap after
{Heap after GC invocations=15 (full 0):
 garbage-first heap   total 175104K, used 71773K [0x00000000a0000000, 0x0000000100000000)
  region size 1024K, 13 young (13312K), 13 survivors (13312K)
 Metaspace       used 47126K, capacity 48080K, committed 48512K, reserved 1091584K
  class space    used 5917K, capacity 6226K, committed 6272K, reserved 1048576K
}
Event: 38,714 GC heap before
{Heap before GC invocations=15 (full 0):
 garbage-first heap   total 175104K, used 127069K [0x00000000a0000000, 0x0000000100000000)
  region size 1024K, 67 young (68608K), 13 survivors (13312K)
 Metaspace       used 47126K, capacity 48080K, committed 48512K, reserved 1091584K
  class space    used 5917K, capacity 6226K, committed 6272K, reserved 1048576K
}
Event: 38,836 GC heap after
{Heap after GC invocations=16 (full 0):
 garbage-first heap   total 175104K, used 84135K [0x00000000a0000000, 0x0000000100000000)
  region size 1024K, 9 young (9216K), 9 survivors (9216K)
 Metaspace       used 47126K, capacity 48080K, committed 48512K, reserved 1091584K
  class space    used 5917K, capacity 6226K, committed 6272K, reserved 1048576K
}
Event: 42,100 GC heap before
{Heap before GC invocations=16 (full 0):
 garbage-first heap   total 175104K, used 126119K [0x00000000a0000000, 0x0000000100000000)
  region size 1024K, 50 young (51200K), 9 survivors (9216K)
 Metaspace       used 47127K, capacity 48080K, committed 48512K, reserved 1091584K
  class space    used 5917K, capacity 6226K, committed 6272K, reserved 1048576K
}
Event: 43,587 GC heap after
{Heap after GC invocations=17 (full 0):
 garbage-first heap   total 175104K, used 100603K [0x00000000a0000000, 0x0000000100000000)
  region size 1024K, 7 young (7168K), 7 survivors (7168K)
 Metaspace       used 47127K, capacity 48080K, committed 48512K, reserved 1091584K
  class space    used 5917K, capacity 6226K, committed 6272K, reserved 1048576K
}
Event: 44,069 GC heap before
{Heap before GC invocations=17 (full 0):
 garbage-first heap   total 175104K, used 100603K [0x00000000a0000000, 0x0000000100000000)
  region size 1024K, 8 young (8192K), 7 survivors (7168K)
 Metaspace       used 47127K, capacity 48080K, committed 48512K, reserved 1091584K
  class space    used 5917K, capacity 6226K, committed 6272K, reserved 1048576K
}

Deoptimization events (20 events):
Event: 36,051 Thread 0x00007f9654010000 Uncommon trap: trap_request=0xffffff4d fr.pc=0x00007f96bc76ea7c relative=0x000000000000023c
Event: 36,052 Thread 0x00007f9654010000 Uncommon trap: reason=unstable_if action=reinterpret pc=0x00007f96bc76ea7c method=org.gradle.internal.fingerprint.impl.DefaultFileSystemLocationFingerprint.compareTo(Lorg/gradle/internal/fingerprint/FileSystemLocationFingerprint;)I @ 15 c2
Event: 36,052 Thread 0x00007f9654010000 DEOPT PACKING pc=0x00007f96bc76ea7c sp=0x00007f96a5cf6ec0
Event: 36,052 Thread 0x00007f9654010000 DEOPT UNPACKING pc=0x00007f96b48a8ea5 sp=0x00007f96a5cf6e10 mode 2
Event: 36,222 Thread 0x00007f9654010000 Uncommon trap: trap_request=0xffffff4d fr.pc=0x00007f96bc780dbc relative=0x000000000000183c
Event: 36,231 Thread 0x00007f9654010000 Uncommon trap: reason=unstable_if action=reinterpret pc=0x00007f96bc780dbc method=java.util.zip.ZipFile.getZipEntry(Ljava/lang/String;[BILjava/util/function/Function;)Ljava/util/zip/ZipEntry; @ 206 c2
Event: 36,231 Thread 0x00007f9654010000 DEOPT PACKING pc=0x00007f96bc780dbc sp=0x00007f96a5cf7190
Event: 36,231 Thread 0x00007f9654010000 DEOPT UNPACKING pc=0x00007f96b48a8ea5 sp=0x00007f96a5cf6eb8 mode 2
Event: 36,682 Thread 0x00007f9654010000 Uncommon trap: trap_request=0xffffff4d fr.pc=0x00007f96bc799eac relative=0x00000000000004ec
Event: 36,684 Thread 0x00007f9654010000 Uncommon trap: reason=unstable_if action=reinterpret pc=0x00007f96bc799eac method=java.lang.StringCoding.newStringUTF8NoRepl([BII)Ljava/lang/String; @ 12 c2
Event: 36,684 Thread 0x00007f9654010000 DEOPT PACKING pc=0x00007f96bc799eac sp=0x00007f96a5cf6be0
Event: 36,685 Thread 0x00007f9654010000 DEOPT UNPACKING pc=0x00007f96b48a8ea5 sp=0x00007f96a5cf6ae0 mode 2
Event: 36,901 Thread 0x00007f9654010000 Uncommon trap: trap_request=0xffffff4d fr.pc=0x00007f96bc79cbd0 relative=0x00000000000017b0
Event: 36,910 Thread 0x00007f9654010000 Uncommon trap: reason=unstable_if action=reinterpret pc=0x00007f96bc79cbd0 method=java.lang.StringCoding.newStringUTF8NoRepl([BII)Ljava/lang/String; @ 12 c2
Event: 36,916 Thread 0x00007f9654010000 DEOPT PACKING pc=0x00007f96bc79cbd0 sp=0x00007f96a5cf7190
Event: 36,918 Thread 0x00007f9654010000 DEOPT UNPACKING pc=0x00007f96b48a8ea5 sp=0x00007f96a5cf6d50 mode 2
Event: 36,928 Thread 0x00007f9654010000 Uncommon trap: trap_request=0xffffff4d fr.pc=0x00007f96bc63e4c8 relative=0x0000000000000668
Event: 36,928 Thread 0x00007f9654010000 Uncommon trap: reason=unstable_if action=reinterpret pc=0x00007f96bc63e4c8 method=java.lang.String.regionMatches(ZILjava/lang/String;II)Z @ 77 c2
Event: 36,928 Thread 0x00007f9654010000 DEOPT PACKING pc=0x00007f96bc63e4c8 sp=0x00007f96a5cf71c0
Event: 36,928 Thread 0x00007f9654010000 DEOPT UNPACKING pc=0x00007f96b48a8ea5 sp=0x00007f96a5cf7158 mode 2

Classes redefined (0 events):
No events

Internal exceptions (20 events):
Event: 27,408 Thread 0x00007f96507ae000 Exception <a 'java/net/SocketTimeoutException'{0x00000000a82a28d8}: Read timed out> (0x00000000a82a28d8) thrown at [src/hotspot/share/prims/jni.cpp, line 636]
Event: 30,580 Thread 0x00007f96507b0000 Exception <a 'java/net/SocketTimeoutException'{0x00000000a914d968}: Read timed out> (0x00000000a914d968) thrown at [src/hotspot/share/prims/jni.cpp, line 636]
Event: 31,130 Thread 0x00007f96507b0000 Exception <a 'java/net/SocketTimeoutException'{0x00000000a747a580}: Read timed out> (0x00000000a747a580) thrown at [src/hotspot/share/prims/jni.cpp, line 636]
Event: 32,558 Thread 0x00007f9654010000 Exception <a 'java/lang/NoSuchMethodError'{0x00000000a6682730}: 'void java.lang.invoke.DirectMethodHandle$Holder.invokeSpecial(java.lang.Object, java.lang.Object, java.lang.Object, java.lang.Object)'> (0x00000000a6682730) thrown at [src/hotspot/share/interpreter/linkResolver.cpp, line 773]
Event: 32,629 Thread 0x00007f965030b000 Exception <a 'java/net/SocketTimeoutException'{0x00000000a622b878}: Read timed out> (0x00000000a622b878) thrown at [src/hotspot/share/prims/jni.cpp, line 636]
Event: 32,629 Thread 0x00007f9650b34000 Exception <a 'java/net/SocketTimeoutException'{0x00000000a80e4698}: Read timed out> (0x00000000a80e4698) thrown at [src/hotspot/share/prims/jni.cpp, line 636]
Event: 32,629 Thread 0x00007f9650304800 Exception <a 'java/net/SocketTimeoutException'{0x00000000a672b5a0}: Read timed out> (0x00000000a672b5a0) thrown at [src/hotspot/share/prims/jni.cpp, line 636]
Event: 32,629 Thread 0x00007f96507ae000 Exception <a 'java/net/SocketTimeoutException'{0x00000000a74616f0}: Read timed out> (0x00000000a74616f0) thrown at [src/hotspot/share/prims/jni.cpp, line 636]
Event: 32,629 Thread 0x00007f9650306000 Exception <a 'java/net/SocketTimeoutException'{0x00000000a6259968}: Read timed out> (0x00000000a6259968) thrown at [src/hotspot/share/prims/jni.cpp, line 636]
Event: 32,629 Thread 0x00007f9650307800 Exception <a 'java/net/SocketTimeoutException'{0x00000000a8a15f90}: Read timed out> (0x00000000a8a15f90) thrown at [src/hotspot/share/prims/jni.cpp, line 636]
Event: 32,629 Thread 0x00007f9654010000 Exception <a 'java/net/SocketTimeoutException'{0x00000000a63e0bc0}: Read timed out> (0x00000000a63e0bc0) thrown at [src/hotspot/share/prims/jni.cpp, line 636]
Event: 32,630 Thread 0x00007f96507b2000 Exception <a 'java/net/SocketTimeoutException'{0x00000000a92712b8}: Read timed out> (0x00000000a92712b8) thrown at [src/hotspot/share/prims/jni.cpp, line 636]
Event: 32,630 Thread 0x00007f9650309800 Exception <a 'java/net/SocketTimeoutException'{0x00000000a6214310}: Read timed out> (0x00000000a6214310) thrown at [src/hotspot/share/prims/jni.cpp, line 636]
Event: 33,096 Thread 0x00007f9650306000 Exception <a 'java/net/SocketTimeoutException'{0x00000000a60ef8f0}: Read timed out> (0x00000000a60ef8f0) thrown at [src/hotspot/share/prims/jni.cpp, line 636]
Event: 33,106 Thread 0x00007f96507ae000 Exception <a 'java/net/SocketTimeoutException'{0x00000000a5f08dc0}: Read timed out> (0x00000000a5f08dc0) thrown at [src/hotspot/share/prims/jni.cpp, line 636]
Event: 33,112 Thread 0x00007f9650309800 Exception <a 'java/net/SocketTimeoutException'{0x00000000a5f64758}: Read timed out> (0x00000000a5f64758) thrown at [src/hotspot/share/prims/jni.cpp, line 636]
Event: 33,121 Thread 0x00007f9650b35800 Exception <a 'java/net/SocketTimeoutException'{0x00000000a5f99338}: Read timed out> (0x00000000a5f99338) thrown at [src/hotspot/share/prims/jni.cpp, line 636]
Event: 35,589 Thread 0x00007f9654010000 Implicit null exception at 0x00007f96bc55831a to 0x00007f96bc55902f
Event: 35,592 Thread 0x00007f9654010000 Implicit null exception at 0x00007f96bc559840 to 0x00007f96bc55a1f0
Event: 35,716 Thread 0x00007f9654010000 Implicit null exception at 0x00007f96bc770fc7 to 0x00007f96bc771bf8

Events (20 events):
Event: 35,951 loading class java/io/PushbackInputStream done
Event: 35,951 loading class org/gradle/api/internal/changedetection/state/StreamZipInput$1
Event: 35,951 loading class org/gradle/api/internal/changedetection/state/StreamZipInput$1 done
Event: 35,953 loading class org/gradle/api/internal/changedetection/state/StreamZipInput$1$1
Event: 35,953 loading class org/gradle/api/internal/changedetection/state/StreamZipInput$1$1 done
Event: 36,224 Executing VM operation: RevokeBias
Event: 36,231 Executing VM operation: RevokeBias done
Event: 36,249 Executing VM operation: G1CollectForAllocation
Event: 36,272 Executing VM operation: G1CollectForAllocation done
Event: 36,739 Executing VM operation: G1CollectForAllocation
Event: 36,769 Executing VM operation: G1CollectForAllocation done
Event: 36,907 Executing VM operation: RevokeBias
Event: 36,908 Executing VM operation: RevokeBias done
Event: 37,275 Executing VM operation: G1CollectForAllocation
Event: 37,468 Executing VM operation: G1CollectForAllocation done
Event: 38,691 Executing VM operation: G1CollectForAllocation
Event: 38,872 Executing VM operation: G1CollectForAllocation done
Event: 41,801 Executing VM operation: G1CollectForAllocation
Event: 43,907 Executing VM operation: G1CollectForAllocation done
Event: 44,056 Executing VM operation: G1CollectForAllocation


Dynamic libraries:
a0000000-aa900000 rw-p 00000000 00:00 0 
b5400000-ffe00000 ---p 00000000 00:00 0 
ffe00000-ffe47000 rw-p 01113000 103:03 22285112                          /usr/lib/jvm/java-11-openjdk-amd64/lib/server/classes.jsa
ffe47000-fff00000 rw-p 00000000 00:00 0 
fff00000-fff6b000 rw-p 010a8000 103:03 22285112                          /usr/lib/jvm/java-11-openjdk-amd64/lib/server/classes.jsa
fff6b000-100000000 rw-p 00000000 00:00 0 
800000000-800002000 rwxp 00001000 103:03 22285112                        /usr/lib/jvm/java-11-openjdk-amd64/lib/server/classes.jsa
800002000-8003b9000 rw-p 00003000 103:03 22285112                        /usr/lib/jvm/java-11-openjdk-amd64/lib/server/classes.jsa
8003b9000-800a97000 r--p 003ba000 103:03 22285112                        /usr/lib/jvm/java-11-openjdk-amd64/lib/server/classes.jsa
800a97000-800a98000 rw-p 00a98000 103:03 22285112                        /usr/lib/jvm/java-11-openjdk-amd64/lib/server/classes.jsa
800a98000-8010a7000 r--p 00a99000 103:03 22285112                        /usr/lib/jvm/java-11-openjdk-amd64/lib/server/classes.jsa
840000000-840620000 rw-p 00000000 00:00 0 
840620000-880000000 ---p 00000000 00:00 0 
5597b51ff000-5597b5200000 r--p 00000000 103:03 22285109                  /usr/lib/jvm/java-11-openjdk-amd64/bin/java
5597b5200000-5597b5201000 r-xp 00001000 103:03 22285109                  /usr/lib/jvm/java-11-openjdk-amd64/bin/java
5597b5201000-5597b5202000 r--p 00002000 103:03 22285109                  /usr/lib/jvm/java-11-openjdk-amd64/bin/java
5597b5202000-5597b5203000 r--p 00002000 103:03 22285109                  /usr/lib/jvm/java-11-openjdk-amd64/bin/java
5597b5203000-5597b5204000 rw-p 00003000 103:03 22285109                  /usr/lib/jvm/java-11-openjdk-amd64/bin/java
5597b620d000-5597b622e000 rw-p 00000000 00:00 0                          [heap]
7f95bc000000-7f95bffff000 rw-p 00000000 00:00 0 
7f95bffff000-7f95c0000000 ---p 00000000 00:00 0 
7f95c0000000-7f95c0e93000 rw-p 00000000 00:00 0 
7f95c0e93000-7f95c4000000 ---p 00000000 00:00 0 
7f95c4000000-7f95c7ff9000 rw-p 00000000 00:00 0 
7f95c7ff9000-7f95c8000000 ---p 00000000 00:00 0 
7f95c8000000-7f95cbffd000 rw-p 00000000 00:00 0 
7f95cbffd000-7f95cc000000 ---p 00000000 00:00 0 
7f95cc000000-7f95cc021000 rw-p 00000000 00:00 0 
7f95cc021000-7f95d0000000 ---p 00000000 00:00 0 
7f95d0000000-7f95d0021000 rw-p 00000000 00:00 0 
7f95d0021000-7f95d4000000 ---p 00000000 00:00 0 
7f95d4000000-7f95d4021000 rw-p 00000000 00:00 0 
7f95d4021000-7f95d8000000 ---p 00000000 00:00 0 
7f95d8000000-7f95d8021000 rw-p 00000000 00:00 0 
7f95d8021000-7f95dc000000 ---p 00000000 00:00 0 
7f95dc000000-7f95dc021000 rw-p 00000000 00:00 0 
7f95dc021000-7f95e0000000 ---p 00000000 00:00 0 
7f95e0000000-7f95e0021000 rw-p 00000000 00:00 0 
7f95e0021000-7f95e4000000 ---p 00000000 00:00 0 
7f95e4000000-7f95e4021000 rw-p 00000000 00:00 0 
7f95e4021000-7f95e8000000 ---p 00000000 00:00 0 
7f95e8000000-7f95e8021000 rw-p 00000000 00:00 0 
7f95e8021000-7f95ec000000 ---p 00000000 00:00 0 
7f95ec000000-7f95ec021000 rw-p 00000000 00:00 0 
7f95ec021000-7f95f0000000 ---p 00000000 00:00 0 
7f95f0000000-7f95f0021000 rw-p 00000000 00:00 0 
7f95f0021000-7f95f4000000 ---p 00000000 00:00 0 
7f95f4000000-7f95f4021000 rw-p 00000000 00:00 0 
7f95f4021000-7f95f8000000 ---p 00000000 00:00 0 
7f95f8000000-7f95f807c000 rw-p 00000000 00:00 0 
7f95f807c000-7f95fc000000 ---p 00000000 00:00 0 
7f95fc000000-7f95fc021000 rw-p 00000000 00:00 0 
7f95fc021000-7f9600000000 ---p 00000000 00:00 0 
7f9600000000-7f9600021000 rw-p 00000000 00:00 0 
7f9600021000-7f9604000000 ---p 00000000 00:00 0 
7f9604000000-7f9604021000 rw-p 00000000 00:00 0 
7f9604021000-7f9608000000 ---p 00000000 00:00 0 
7f96097a2000-7f96098e2000 rw-p 00000000 00:00 0 
7f96098e2000-7f96099a2000 ---p 00000000 00:00 0 
7f96099a2000-7f96099a6000 ---p 00000000 00:00 0 
7f96099a6000-7f9609aa3000 rw-p 00000000 00:00 0 
7f9609aa3000-7f9609aa7000 ---p 00000000 00:00 0 
7f9609aa7000-7f9609ba4000 rw-p 00000000 00:00 0 
7f9609ba4000-7f9609ba8000 ---p 00000000 00:00 0 
7f9609ba8000-7f9609ca5000 rw-p 00000000 00:00 0 
7f9609ca5000-7f9609ca9000 ---p 00000000 00:00 0 
7f9609ca9000-7f9609da6000 rw-p 00000000 00:00 0 
7f9609da6000-7f9609daa000 ---p 00000000 00:00 0 
7f9609daa000-7f9609ea7000 rw-p 00000000 00:00 0 
7f9609ea7000-7f9609eab000 ---p 00000000 00:00 0 
7f9609eab000-7f9609fa8000 rw-p 00000000 00:00 0 
7f9609fa8000-7f9609fac000 ---p 00000000 00:00 0 
7f9609fac000-7f960a0a9000 rw-p 00000000 00:00 0 
7f960a0a9000-7f960a0ad000 ---p 00000000 00:00 0 
7f960a0ad000-7f960a1aa000 rw-p 00000000 00:00 0 
7f960a1aa000-7f960a1ae000 ---p 00000000 00:00 0 
7f960a1ae000-7f960a2ab000 rw-p 00000000 00:00 0 
7f960a2ab000-7f960a2af000 ---p 00000000 00:00 0 
7f960a2af000-7f960a5ac000 rw-p 00000000 00:00 0 
7f960a5ac000-7f960a5af000 r-xp 00000000 103:03 21277984                  /usr/lib/x86_64-linux-gnu/libnss_mdns4_minimal.so.2
7f960a5af000-7f960a7ae000 ---p 00003000 103:03 21277984                  /usr/lib/x86_64-linux-gnu/libnss_mdns4_minimal.so.2
7f960a7ae000-7f960a7af000 r--p 00002000 103:03 21277984                  /usr/lib/x86_64-linux-gnu/libnss_mdns4_minimal.so.2
7f960a7af000-7f960a7b0000 rw-p 00003000 103:03 21277984                  /usr/lib/x86_64-linux-gnu/libnss_mdns4_minimal.so.2
7f960a7fc000-7f960a9fc000 rw-p 00000000 00:00 0 
7f960a9fc000-7f960abfc000 rw-p 00000000 00:00 0 
7f960abfc000-7f960adfc000 rw-p 00000000 00:00 0 
7f960adfc000-7f960affc000 rw-p 00000000 00:00 0 
7f960affc000-7f960b000000 ---p 00000000 00:00 0 
7f960b000000-7f960b0fd000 rw-p 00000000 00:00 0 
7f960b0fd000-7f960b101000 ---p 00000000 00:00 0 
7f960b101000-7f960b3fe000 rw-p 00000000 00:00 0 
7f960b3fe000-7f960b402000 ---p 00000000 00:00 0 
7f960b402000-7f960b4ff000 rw-p 00000000 00:00 0 
7f960b4ff000-7f960b503000 ---p 00000000 00:00 0 
7f960b503000-7f960b800000 rw-p 00000000 00:00 0 
7f960b800000-7f960ba00000 rw-p 00000000 00:00 0 
7f960ba00000-7f960bc00000 rw-p 00000000 00:00 0 
7f960bc00000-7f960be00000 rw-p 00000000 00:00 0 
7f960be00000-7f960c000000 rw-p 00000000 00:00 0 
7f960c000000-7f960c021000 rw-p 00000000 00:00 0 
7f960c021000-7f9610000000 ---p 00000000 00:00 0 
7f9610000000-7f9610021000 rw-p 00000000 00:00 0 
7f9610021000-7f9614000000 ---p 00000000 00:00 0 
7f9614000000-7f9614021000 rw-p 00000000 00:00 0 
7f9614021000-7f9618000000 ---p 00000000 00:00 0 
7f9618000000-7f9618021000 rw-p 00000000 00:00 0 
7f9618021000-7f961c000000 ---p 00000000 00:00 0 
7f961c000000-7f961c021000 rw-p 00000000 00:00 0 
7f961c021000-7f9620000000 ---p 00000000 00:00 0 
7f9620000000-7f9620021000 rw-p 00000000 00:00 0 
7f9620021000-7f9624000000 ---p 00000000 00:00 0 
7f9624000000-7f9624021000 rw-p 00000000 00:00 0 
7f9624021000-7f9628000000 ---p 00000000 00:00 0 
7f9628000000-7f9628021000 rw-p 00000000 00:00 0 
7f9628021000-7f962c000000 ---p 00000000 00:00 0 
7f962c000000-7f962c021000 rw-p 00000000 00:00 0 
7f962c021000-7f9630000000 ---p 00000000 00:00 0 
7f9630000000-7f9630021000 rw-p 00000000 00:00 0 
7f9630021000-7f9634000000 ---p 00000000 00:00 0 
7f9634000000-7f9634021000 rw-p 00000000 00:00 0 
7f9634021000-7f9638000000 ---p 00000000 00:00 0 
7f9638000000-7f9638021000 rw-p 00000000 00:00 0 
7f9638021000-7f963c000000 ---p 00000000 00:00 0 
7f963c000000-7f963c021000 rw-p 00000000 00:00 0 
7f963c021000-7f9640000000 ---p 00000000 00:00 0 
7f9640000000-7f9640021000 rw-p 00000000 00:00 0 
7f9640021000-7f9644000000 ---p 00000000 00:00 0 
7f9644000000-7f9644021000 rw-p 00000000 00:00 0 
7f9644021000-7f9648000000 ---p 00000000 00:00 0 
7f9648000000-7f9648021000 rw-p 00000000 00:00 0 
7f9648021000-7f964c000000 ---p 00000000 00:00 0 
7f964c000000-7f964c021000 rw-p 00000000 00:00 0 
7f964c021000-7f9650000000 ---p 00000000 00:00 0 
7f9650000000-7f9654000000 rw-p 00000000 00:00 0 
7f9654000000-7f9654021000 rw-p 00000000 00:00 0 
7f9654021000-7f9658000000 ---p 00000000 00:00 0 
7f9658000000-7f9658021000 rw-p 00000000 00:00 0 
7f9658021000-7f965c000000 ---p 00000000 00:00 0 
7f965c000000-7f965c052000 rw-p 00000000 00:00 0 
7f965c052000-7f9660000000 ---p 00000000 00:00 0 
7f9660000000-7f9660021000 rw-p 00000000 00:00 0 
7f9660021000-7f9664000000 ---p 00000000 00:00 0 
7f9664000000-7f9664021000 rw-p 00000000 00:00 0 
7f9664021000-7f9668000000 ---p 00000000 00:00 0 
7f9668000000-7f9668021000 rw-p 00000000 00:00 0 
7f9668021000-7f966c000000 ---p 00000000 00:00 0 
7f966c000000-7f966c021000 rw-p 00000000 00:00 0 
7f966c021000-7f9670000000 ---p 00000000 00:00 0 
7f9670000000-7f9670021000 rw-p 00000000 00:00 0 
7f9670021000-7f9674000000 ---p 00000000 00:00 0 
7f9674000000-7f9674021000 rw-p 00000000 00:00 0 
7f9674021000-7f9678000000 ---p 00000000 00:00 0 
7f9678000000-7f9678021000 rw-p 00000000 00:00 0 
7f9678021000-7f967c000000 ---p 00000000 00:00 0 
7f967c000000-7f967dbb9000 rw-p 00000000 00:00 0 
7f967dbb9000-7f9680000000 ---p 00000000 00:00 0 
7f9680000000-7f9680ab5000 rw-p 00000000 00:00 0 
7f9680ab5000-7f9684000000 ---p 00000000 00:00 0 
7f9684000000-7f9684021000 rw-p 00000000 00:00 0 
7f9684021000-7f9688000000 ---p 00000000 00:00 0 
7f9688000000-7f9688021000 rw-p 00000000 00:00 0 
7f9688021000-7f968c000000 ---p 00000000 00:00 0 
7f968c000000-7f968c021000 rw-p 00000000 00:00 0 
7f968c021000-7f9690000000 ---p 00000000 00:00 0 
7f9690000000-7f9690021000 rw-p 00000000 00:00 0 
7f9690021000-7f9694000000 ---p 00000000 00:00 0 
7f9694000000-7f9694021000 rw-p 00000000 00:00 0 
7f9694021000-7f9698000000 ---p 00000000 00:00 0 
7f9698000000-7f9698306000 rw-p 00000000 00:00 0 
7f9698306000-7f969c000000 ---p 00000000 00:00 0 
7f969c000000-7f969c021000 rw-p 00000000 00:00 0 
7f969c021000-7f96a0000000 ---p 00000000 00:00 0 
7f96a0000000-7f96a0021000 rw-p 00000000 00:00 0 
7f96a0021000-7f96a4000000 ---p 00000000 00:00 0 
7f96a406c000-7f96a4070000 r--p 00000000 103:03 21234362                  /usr/lib/x86_64-linux-gnu/libresolv-2.28.so
7f96a4070000-7f96a407d000 r-xp 00004000 103:03 21234362                  /usr/lib/x86_64-linux-gnu/libresolv-2.28.so
7f96a407d000-7f96a4081000 r--p 00011000 103:03 21234362                  /usr/lib/x86_64-linux-gnu/libresolv-2.28.so
7f96a4081000-7f96a4082000 ---p 00015000 103:03 21234362                  /usr/lib/x86_64-linux-gnu/libresolv-2.28.so
7f96a4082000-7f96a4083000 r--p 00015000 103:03 21234362                  /usr/lib/x86_64-linux-gnu/libresolv-2.28.so
7f96a4083000-7f96a4084000 rw-p 00016000 103:03 21234362                  /usr/lib/x86_64-linux-gnu/libresolv-2.28.so
7f96a4084000-7f96a4086000 rw-p 00000000 00:00 0 
7f96a40b1000-7f96a40b9000 r--p 00000000 103:03 22288011                  /usr/lib/jvm/java-11-openjdk-amd64/lib/libsunec.so
7f96a40b9000-7f96a40d1000 r-xp 00008000 103:03 22288011                  /usr/lib/jvm/java-11-openjdk-amd64/lib/libsunec.so
7f96a40d1000-7f96a40db000 r--p 00020000 103:03 22288011                  /usr/lib/jvm/java-11-openjdk-amd64/lib/libsunec.so
7f96a40db000-7f96a40dc000 ---p 0002a000 103:03 22288011                  /usr/lib/jvm/java-11-openjdk-amd64/lib/libsunec.so
7f96a40dc000-7f96a40e0000 r--p 0002a000 103:03 22288011                  /usr/lib/jvm/java-11-openjdk-amd64/lib/libsunec.so
7f96a40e0000-7f96a40e2000 rw-p 0002e000 103:03 22288011                  /usr/lib/jvm/java-11-openjdk-amd64/lib/libsunec.so
7f96a40e2000-7f96a40e6000 ---p 00000000 00:00 0 
7f96a40e6000-7f96a41e3000 rw-p 00000000 00:00 0 
7f96a41e3000-7f96a41e4000 ---p 00000000 00:00 0 
7f96a41e4000-7f96a42e5000 rw-p 00000000 00:00 0 
7f96a42e5000-7f96a42e6000 ---p 00000000 00:00 0 
7f96a42e6000-7f96a45e7000 rw-p 00000000 00:00 0 
7f96a45e7000-7f96a47e7000 rw-p 00000000 00:00 0 
7f96a47e7000-7f96a49e7000 rw-p 00000000 00:00 0 
7f96a49e7000-7f96a49eb000 ---p 00000000 00:00 0 
7f96a49eb000-7f96a4ae8000 rw-p 00000000 00:00 0 
7f96a4ae8000-7f96a4ae9000 ---p 00000000 00:00 0 
7f96a4ae9000-7f96a4bea000 rw-p 00000000 00:00 0 
7f96a4bea000-7f96a4beb000 ---p 00000000 00:00 0 
7f96a4beb000-7f96a4cec000 rw-p 00000000 00:00 0 
7f96a4cec000-7f96a4ced000 ---p 00000000 00:00 0 
7f96a4ced000-7f96a4dee000 rw-p 00000000 00:00 0 
7f96a4dee000-7f96a4def000 ---p 00000000 00:00 0 
7f96a4def000-7f96a4ef0000 rw-p 00000000 00:00 0 
7f96a4ef0000-7f96a4ef1000 ---p 00000000 00:00 0 
7f96a4ef1000-7f96a4ff2000 rw-p 00000000 00:00 0 
7f96a4ff2000-7f96a4ff3000 ---p 00000000 00:00 0 
7f96a4ff3000-7f96a50f4000 rw-p 00000000 00:00 0 
7f96a50f4000-7f96a50f5000 ---p 00000000 00:00 0 
7f96a50f5000-7f96a53f6000 rw-p 00000000 00:00 0 
7f96a53f6000-7f96a53fa000 ---p 00000000 00:00 0 
7f96a53fa000-7f96a54f7000 rw-p 00000000 00:00 0 
7f96a54f7000-7f96a54fb000 ---p 00000000 00:00 0 
7f96a54fb000-7f96a55f8000 rw-p 00000000 00:00 0 
7f96a55f8000-7f96a55fc000 ---p 00000000 00:00 0 
7f96a55fc000-7f96a58f9000 rw-p 00000000 00:00 0 
7f96a58f9000-7f96a58fd000 ---p 00000000 00:00 0 
7f96a58fd000-7f96a59fa000 rw-p 00000000 00:00 0 
7f96a59fa000-7f96a59fe000 ---p 00000000 00:00 0 
7f96a59fe000-7f96a5afb000 rw-p 00000000 00:00 0 
7f96a5afb000-7f96a5aff000 ---p 00000000 00:00 0 
7f96a5aff000-7f96a5bfc000 rw-p 00000000 00:00 0 
7f96a5bfc000-7f96a5c00000 ---p 00000000 00:00 0 
7f96a5c00000-7f96a5cfd000 rw-p 00000000 00:00 0 
7f96a5cfd000-7f96a5d01000 ---p 00000000 00:00 0 
7f96a5d01000-7f96a5dfe000 rw-p 00000000 00:00 0 
7f96a5dfe000-7f96a5e02000 ---p 00000000 00:00 0 
7f96a5e02000-7f96a5eff000 rw-p 00000000 00:00 0 
7f96a5eff000-7f96a5f03000 ---p 00000000 00:00 0 
7f96a5f03000-7f96a8000000 rw-p 00000000 00:00 0 
7f96a8000000-7f96a8021000 rw-p 00000000 00:00 0 
7f96a8021000-7f96ac000000 ---p 00000000 00:00 0 
7f96ac007000-7f96ac00b000 ---p 00000000 00:00 0 
7f96ac00b000-7f96ac108000 rw-p 00000000 00:00 0 
7f96ac108000-7f96ac10c000 ---p 00000000 00:00 0 
7f96ac10c000-7f96ac209000 rw-p 00000000 00:00 0 
7f96ac209000-7f96ac20d000 ---p 00000000 00:00 0 
7f96ac20d000-7f96ac30a000 rw-p 00000000 00:00 0 
7f96ac30a000-7f96ac30b000 ---p 00000000 00:00 0 
7f96ac30b000-7f96ac40c000 rw-p 00000000 00:00 0 
7f96ac40c000-7f96ac40d000 ---p 00000000 00:00 0 
7f96ac40d000-7f96ac50e000 rw-p 00000000 00:00 0 
7f96ac50e000-7f96ac514000 r-xp 00000000 103:03 11018172                  /home/guilherme/.gradle/native/30/linux-amd64/libnative-platform.so
7f96ac514000-7f96ac713000 ---p 00006000 103:03 11018172                  /home/guilherme/.gradle/native/30/linux-amd64/libnative-platform.so
7f96ac713000-7f96ac714000 rw-p 00005000 103:03 11018172                  /home/guilherme/.gradle/native/30/linux-amd64/libnative-platform.so
7f96ac714000-7f96ac715000 ---p 00000000 00:00 0 
7f96ac715000-7f96ac816000 rw-p 00000000 00:00 0 
7f96ac816000-7f96ac81a000 ---p 00000000 00:00 0 
7f96ac81a000-7f96ac917000 rw-p 00000000 00:00 0 
7f96ac917000-7f96ac91b000 ---p 00000000 00:00 0 
7f96ac91b000-7f96aca18000 rw-p 00000000 00:00 0 
7f96aca18000-7f96aca1c000 ---p 00000000 00:00 0 
7f96aca1c000-7f96acb19000 rw-p 00000000 00:00 0 
7f96acb19000-7f96acb1d000 ---p 00000000 00:00 0 
7f96acb1d000-7f96acc1a000 rw-p 00000000 00:00 0 
7f96acc1a000-7f96acc1e000 ---p 00000000 00:00 0 
7f96acc1e000-7f96acd1b000 rw-p 00000000 00:00 0 
7f96acd1b000-7f96ad000000 r--p 00000000 103:03 21234111                  /usr/lib/locale/locale-archive
7f96ad000000-7f96ad2a4000 rw-p 00000000 00:00 0 
7f96ad2a4000-7f96ae7f8000 ---p 00000000 00:00 0 
7f96ae7f8000-7f96aeaa4000 rw-p 00000000 00:00 0 
7f96aeaa4000-7f96afff8000 ---p 00000000 00:00 0 
7f96afff8000-7f96b0000000 rw-p 00000000 00:00 0 
7f96b0000000-7f96b0021000 rw-p 00000000 00:00 0 
7f96b0021000-7f96b4000000 ---p 00000000 00:00 0 
7f96b400f000-7f96b4010000 r--p 00000000 103:03 21234354                  /usr/lib/x86_64-linux-gnu/libnss_dns-2.28.so
7f96b4010000-7f96b4014000 r-xp 00001000 103:03 21234354                  /usr/lib/x86_64-linux-gnu/libnss_dns-2.28.so
7f96b4014000-7f96b4015000 r--p 00005000 103:03 21234354                  /usr/lib/x86_64-linux-gnu/libnss_dns-2.28.so
7f96b4015000-7f96b4016000 r--p 00005000 103:03 21234354                  /usr/lib/x86_64-linux-gnu/libnss_dns-2.28.so
7f96b4016000-7f96b4017000 rw-p 00006000 103:03 21234354                  /usr/lib/x86_64-linux-gnu/libnss_dns-2.28.so
7f96b4017000-7f96b401e000 r--s 00000000 103:03 21236690                  /usr/lib/x86_64-linux-gnu/gconv/gconv-modules.cache
7f96b401e000-7f96b4020000 r--p 00000000 103:03 22288003                  /usr/lib/jvm/java-11-openjdk-amd64/lib/libmanagement_ext.so
7f96b4020000-7f96b4023000 r-xp 00002000 103:03 22288003                  /usr/lib/jvm/java-11-openjdk-amd64/lib/libmanagement_ext.so
7f96b4023000-7f96b4024000 r--p 00005000 103:03 22288003                  /usr/lib/jvm/java-11-openjdk-amd64/lib/libmanagement_ext.so
7f96b4024000-7f96b4025000 ---p 00006000 103:03 22288003                  /usr/lib/jvm/java-11-openjdk-amd64/lib/libmanagement_ext.so
7f96b4025000-7f96b4026000 r--p 00006000 103:03 22288003                  /usr/lib/jvm/java-11-openjdk-amd64/lib/libmanagement_ext.so
7f96b4026000-7f96b4027000 rw-p 00007000 103:03 22288003                  /usr/lib/jvm/java-11-openjdk-amd64/lib/libmanagement_ext.so
7f96b4027000-7f96b402a000 r--p 00000000 103:03 22288001                  /usr/lib/jvm/java-11-openjdk-amd64/lib/libmanagement.so
7f96b402a000-7f96b402b000 r-xp 00003000 103:03 22288001                  /usr/lib/jvm/java-11-openjdk-amd64/lib/libmanagement.so
7f96b402b000-7f96b402c000 r--p 00004000 103:03 22288001                  /usr/lib/jvm/java-11-openjdk-amd64/lib/libmanagement.so
7f96b402c000-7f96b402d000 r--p 00004000 103:03 22288001                  /usr/lib/jvm/java-11-openjdk-amd64/lib/libmanagement.so
7f96b402d000-7f96b402e000 rw-p 00005000 103:03 22288001                  /usr/lib/jvm/java-11-openjdk-amd64/lib/libmanagement.so
7f96b402e000-7f96b485f000 rw-p 00000000 00:00 0 
7f96b485f000-7f96b4acf000 rwxp 00000000 00:00 0 
7f96b4acf000-7f96b4df0000 ---p 00000000 00:00 0 
7f96b4df0000-7f96b5fe0000 rwxp 00000000 00:00 0 
7f96b5fe0000-7f96bc327000 ---p 00000000 00:00 0 
7f96bc327000-7f96bc7a7000 rwxp 00000000 00:00 0 
7f96bc7a7000-7f96c385f000 ---p 00000000 00:00 0 
7f96c385f000-7f96cc000000 r--s 00000000 103:03 22288015                  /usr/lib/jvm/java-11-openjdk-amd64/lib/modules
7f96cc000000-7f96cd1f5000 rw-p 00000000 00:00 0 
7f96cd1f5000-7f96d0000000 ---p 00000000 00:00 0 
7f96d0002000-7f96d0006000 r--p 00000000 103:03 22288005                  /usr/lib/jvm/java-11-openjdk-amd64/lib/libnet.so
7f96d0006000-7f96d0015000 r-xp 00004000 103:03 22288005                  /usr/lib/jvm/java-11-openjdk-amd64/lib/libnet.so
7f96d0015000-7f96d0019000 r--p 00013000 103:03 22288005                  /usr/lib/jvm/java-11-openjdk-amd64/lib/libnet.so
7f96d0019000-7f96d001a000 r--p 00016000 103:03 22288005                  /usr/lib/jvm/java-11-openjdk-amd64/lib/libnet.so
7f96d001a000-7f96d001b000 rw-p 00017000 103:03 22288005                  /usr/lib/jvm/java-11-openjdk-amd64/lib/libnet.so
7f96d001b000-7f96d001f000 ---p 00000000 00:00 0 
7f96d001f000-7f96d011c000 rw-p 00000000 00:00 0 
7f96d011c000-7f96d0120000 ---p 00000000 00:00 0 
7f96d0120000-7f96d021d000 rw-p 00000000 00:00 0 
7f96d021d000-7f96d0221000 ---p 00000000 00:00 0 
7f96d0221000-7f96d031e000 rw-p 00000000 00:00 0 
7f96d031e000-7f96d031f000 ---p 00000000 00:00 0 
7f96d031f000-7f96d0566000 rw-p 00000000 00:00 0 
7f96d0566000-7f96d0567000 ---p 00000000 00:00 0 
7f96d0567000-7f96d0668000 rw-p 00000000 00:00 0 
7f96d0668000-7f96d0669000 ---p 00000000 00:00 0 
7f96d0669000-7f96d1174000 rw-p 00000000 00:00 0 
7f96d1174000-7f96d1175000 ---p 00000000 00:00 0 
7f96d1175000-7f96d1276000 rw-p 00000000 00:00 0 
7f96d1276000-7f96d1277000 ---p 00000000 00:00 0 
7f96d1277000-7f96d1431000 rw-p 00000000 00:00 0 
7f96d1431000-7f96d16db000 ---p 00000000 00:00 0 
7f96d16db000-7f96d1731000 rw-p 00000000 00:00 0 
7f96d1731000-7f96d19db000 ---p 00000000 00:00 0 
7f96d19db000-7f96d1a31000 rw-p 00000000 00:00 0 
7f96d1a31000-7f96d1cdb000 ---p 00000000 00:00 0 
7f96d1cdb000-7f96d26e6000 rw-p 00000000 00:00 0 
7f96d26e6000-7f96d26e7000 ---p 00000000 00:00 0 
7f96d26e7000-7f96d27f1000 rw-p 00000000 00:00 0 
7f96d27f1000-7f96d28d3000 ---p 00000000 00:00 0 
7f96d28d3000-7f96d28f7000 rw-p 00000000 00:00 0 
7f96d28f7000-7f96d29be000 ---p 00000000 00:00 0 
7f96d29be000-7f96d29c1000 r--p 00000000 103:03 21234355                  /usr/lib/x86_64-linux-gnu/libnss_files-2.28.so
7f96d29c1000-7f96d29c8000 r-xp 00003000 103:03 21234355                  /usr/lib/x86_64-linux-gnu/libnss_files-2.28.so
7f96d29c8000-7f96d29ca000 r--p 0000a000 103:03 21234355                  /usr/lib/x86_64-linux-gnu/libnss_files-2.28.so
7f96d29ca000-7f96d29cb000 ---p 0000c000 103:03 21234355                  /usr/lib/x86_64-linux-gnu/libnss_files-2.28.so
7f96d29cb000-7f96d29cc000 r--p 0000c000 103:03 21234355                  /usr/lib/x86_64-linux-gnu/libnss_files-2.28.so
7f96d29cc000-7f96d29cd000 rw-p 0000d000 103:03 21234355                  /usr/lib/x86_64-linux-gnu/libnss_files-2.28.so
7f96d29cd000-7f96d29d3000 rw-p 00000000 00:00 0 
7f96d29d5000-7f96d29dc000 r--p 00000000 103:03 22288006                  /usr/lib/jvm/java-11-openjdk-amd64/lib/libnio.so
7f96d29dc000-7f96d29e3000 r-xp 00007000 103:03 22288006                  /usr/lib/jvm/java-11-openjdk-amd64/lib/libnio.so
7f96d29e3000-7f96d29e6000 r--p 0000e000 103:03 22288006                  /usr/lib/jvm/java-11-openjdk-amd64/lib/libnio.so
7f96d29e6000-7f96d29e7000 r--p 00010000 103:03 22288006                  /usr/lib/jvm/java-11-openjdk-amd64/lib/libnio.so
7f96d29e7000-7f96d29e8000 rw-p 00011000 103:03 22288006                  /usr/lib/jvm/java-11-openjdk-amd64/lib/libnio.so
7f96d29e8000-7f96d29ed000 rw-p 00000000 00:00 0 
7f96d29ed000-7f96d29f4000 ---p 00000000 00:00 0 
7f96d29f4000-7f96d29f6000 r--p 00000000 103:03 22288014                  /usr/lib/jvm/java-11-openjdk-amd64/lib/libzip.so
7f96d29f6000-7f96d29fa000 r-xp 00002000 103:03 22288014                  /usr/lib/jvm/java-11-openjdk-amd64/lib/libzip.so
7f96d29fa000-7f96d29fc000 r--p 00006000 103:03 22288014                  /usr/lib/jvm/java-11-openjdk-amd64/lib/libzip.so
7f96d29fc000-7f96d29fd000 r--p 00007000 103:03 22288014                  /usr/lib/jvm/java-11-openjdk-amd64/lib/libzip.so
7f96d29fd000-7f96d29fe000 rw-p 00008000 103:03 22288014                  /usr/lib/jvm/java-11-openjdk-amd64/lib/libzip.so
7f96d29fe000-7f96d2a0c000 r--p 00000000 103:03 22287994                  /usr/lib/jvm/java-11-openjdk-amd64/lib/libjava.so
7f96d2a0c000-7f96d2a21000 r-xp 0000e000 103:03 22287994                  /usr/lib/jvm/java-11-openjdk-amd64/lib/libjava.so
7f96d2a21000-7f96d2a28000 r--p 00023000 103:03 22287994                  /usr/lib/jvm/java-11-openjdk-amd64/lib/libjava.so
7f96d2a28000-7f96d2a29000 r--p 00029000 103:03 22287994                  /usr/lib/jvm/java-11-openjdk-amd64/lib/libjava.so
7f96d2a29000-7f96d2a2a000 rw-p 0002a000 103:03 22287994                  /usr/lib/jvm/java-11-openjdk-amd64/lib/libjava.so
7f96d2a2a000-7f96d2a2b000 rw-p 00000000 00:00 0 
7f96d2a2b000-7f96d2a2d000 r--p 00000000 103:03 21234363                  /usr/lib/x86_64-linux-gnu/librt-2.28.so
7f96d2a2d000-7f96d2a31000 r-xp 00002000 103:03 21234363                  /usr/lib/x86_64-linux-gnu/librt-2.28.so
7f96d2a31000-7f96d2a33000 r--p 00006000 103:03 21234363                  /usr/lib/x86_64-linux-gnu/librt-2.28.so
7f96d2a33000-7f96d2a34000 r--p 00007000 103:03 21234363                  /usr/lib/x86_64-linux-gnu/librt-2.28.so
7f96d2a34000-7f96d2a35000 rw-p 00008000 103:03 21234363                  /usr/lib/x86_64-linux-gnu/librt-2.28.so
7f96d2a35000-7f96d2a39000 ---p 00000000 00:00 0 
7f96d2a39000-7f96d2b36000 rw-p 00000000 00:00 0 
7f96d2b36000-7f96d2b39000 r--p 00000000 103:03 21233678                  /usr/lib/x86_64-linux-gnu/libgcc_s.so.1
7f96d2b39000-7f96d2b4a000 r-xp 00003000 103:03 21233678                  /usr/lib/x86_64-linux-gnu/libgcc_s.so.1
7f96d2b4a000-7f96d2b4d000 r--p 00014000 103:03 21233678                  /usr/lib/x86_64-linux-gnu/libgcc_s.so.1
7f96d2b4d000-7f96d2b4e000 ---p 00017000 103:03 21233678                  /usr/lib/x86_64-linux-gnu/libgcc_s.so.1
7f96d2b4e000-7f96d2b4f000 r--p 00017000 103:03 21233678                  /usr/lib/x86_64-linux-gnu/libgcc_s.so.1
7f96d2b4f000-7f96d2b50000 rw-p 00018000 103:03 21233678                  /usr/lib/x86_64-linux-gnu/libgcc_s.so.1
7f96d2b50000-7f96d2b5d000 r--p 00000000 103:03 21234346                  /usr/lib/x86_64-linux-gnu/libm-2.28.so
7f96d2b5d000-7f96d2bfc000 r-xp 0000d000 103:03 21234346                  /usr/lib/x86_64-linux-gnu/libm-2.28.so
7f96d2bfc000-7f96d2cd1000 r--p 000ac000 103:03 21234346                  /usr/lib/x86_64-linux-gnu/libm-2.28.so
7f96d2cd1000-7f96d2cd2000 r--p 00180000 103:03 21234346                  /usr/lib/x86_64-linux-gnu/libm-2.28.so
7f96d2cd2000-7f96d2cd3000 rw-p 00181000 103:03 21234346                  /usr/lib/x86_64-linux-gnu/libm-2.28.so
7f96d2cd3000-7f96d2d5c000 r--p 00000000 103:03 21233934                  /usr/lib/x86_64-linux-gnu/libstdc++.so.6.0.25
7f96d2d5c000-7f96d2e08000 r-xp 00089000 103:03 21233934                  /usr/lib/x86_64-linux-gnu/libstdc++.so.6.0.25
7f96d2e08000-7f96d2e46000 r--p 00135000 103:03 21233934                  /usr/lib/x86_64-linux-gnu/libstdc++.so.6.0.25
7f96d2e46000-7f96d2e47000 ---p 00173000 103:03 21233934                  /usr/lib/x86_64-linux-gnu/libstdc++.so.6.0.25
7f96d2e47000-7f96d2e51000 r--p 00173000 103:03 21233934                  /usr/lib/x86_64-linux-gnu/libstdc++.so.6.0.25
7f96d2e51000-7f96d2e53000 rw-p 0017d000 103:03 21233934                  /usr/lib/x86_64-linux-gnu/libstdc++.so.6.0.25
7f96d2e53000-7f96d2e57000 rw-p 00000000 00:00 0 
7f96d2e57000-7f96d30d9000 r--p 00000000 103:03 22288018                  /usr/lib/jvm/java-11-openjdk-amd64/lib/server/libjvm.so
7f96d30d9000-7f96d3d01000 r-xp 00282000 103:03 22288018                  /usr/lib/jvm/java-11-openjdk-amd64/lib/server/libjvm.so
7f96d3d01000-7f96d3f5b000 r--p 00eaa000 103:03 22288018                  /usr/lib/jvm/java-11-openjdk-amd64/lib/server/libjvm.so
7f96d3f5b000-7f96d401f000 r--p 01103000 103:03 22288018                  /usr/lib/jvm/java-11-openjdk-amd64/lib/server/libjvm.so
7f96d401f000-7f96d405a000 rw-p 011c7000 103:03 22288018                  /usr/lib/jvm/java-11-openjdk-amd64/lib/server/libjvm.so
7f96d405a000-7f96d40b3000 rw-p 00000000 00:00 0 
7f96d40b3000-7f96d40d5000 r--p 00000000 103:03 21234343                  /usr/lib/x86_64-linux-gnu/libc-2.28.so
7f96d40d5000-7f96d421d000 r-xp 00022000 103:03 21234343                  /usr/lib/x86_64-linux-gnu/libc-2.28.so
7f96d421d000-7f96d4269000 r--p 0016a000 103:03 21234343                  /usr/lib/x86_64-linux-gnu/libc-2.28.so
7f96d4269000-7f96d426a000 ---p 001b6000 103:03 21234343                  /usr/lib/x86_64-linux-gnu/libc-2.28.so
7f96d426a000-7f96d426e000 r--p 001b6000 103:03 21234343                  /usr/lib/x86_64-linux-gnu/libc-2.28.so
7f96d426e000-7f96d4270000 rw-p 001ba000 103:03 21234343                  /usr/lib/x86_64-linux-gnu/libc-2.28.so
7f96d4270000-7f96d4274000 rw-p 00000000 00:00 0 
7f96d4274000-7f96d4275000 r--p 00000000 103:03 21234345                  /usr/lib/x86_64-linux-gnu/libdl-2.28.so
7f96d4275000-7f96d4276000 r-xp 00001000 103:03 21234345                  /usr/lib/x86_64-linux-gnu/libdl-2.28.so
7f96d4276000-7f96d4277000 r--p 00002000 103:03 21234345                  /usr/lib/x86_64-linux-gnu/libdl-2.28.so
7f96d4277000-7f96d4278000 r--p 00002000 103:03 21234345                  /usr/lib/x86_64-linux-gnu/libdl-2.28.so
7f96d4278000-7f96d4279000 rw-p 00003000 103:03 21234345                  /usr/lib/x86_64-linux-gnu/libdl-2.28.so
7f96d4279000-7f96d427c000 r--p 00000000 103:03 22287979                  /usr/lib/jvm/java-11-openjdk-amd64/lib/jli/libjli.so
7f96d427c000-7f96d4286000 r-xp 00003000 103:03 22287979                  /usr/lib/jvm/java-11-openjdk-amd64/lib/jli/libjli.so
7f96d4286000-7f96d4289000 r--p 0000d000 103:03 22287979                  /usr/lib/jvm/java-11-openjdk-amd64/lib/jli/libjli.so
7f96d4289000-7f96d428a000 ---p 00010000 103:03 22287979                  /usr/lib/jvm/java-11-openjdk-amd64/lib/jli/libjli.so
7f96d428a000-7f96d428b000 r--p 00010000 103:03 22287979                  /usr/lib/jvm/java-11-openjdk-amd64/lib/jli/libjli.so
7f96d428b000-7f96d428c000 rw-p 00011000 103:03 22287979                  /usr/lib/jvm/java-11-openjdk-amd64/lib/jli/libjli.so
7f96d428c000-7f96d4292000 r--p 00000000 103:03 21234361                  /usr/lib/x86_64-linux-gnu/libpthread-2.28.so
7f96d4292000-7f96d42a1000 r-xp 00006000 103:03 21234361                  /usr/lib/x86_64-linux-gnu/libpthread-2.28.so
7f96d42a1000-7f96d42a7000 r--p 00015000 103:03 21234361                  /usr/lib/x86_64-linux-gnu/libpthread-2.28.so
7f96d42a7000-7f96d42a8000 r--p 0001a000 103:03 21234361                  /usr/lib/x86_64-linux-gnu/libpthread-2.28.so
7f96d42a8000-7f96d42a9000 rw-p 0001b000 103:03 21234361                  /usr/lib/x86_64-linux-gnu/libpthread-2.28.so
7f96d42a9000-7f96d42ad000 rw-p 00000000 00:00 0 
7f96d42ad000-7f96d42c9000 r-xp 00000000 103:03 21235919                  /usr/lib/x86_64-linux-gnu/libz.so.1.2.11
7f96d42c9000-7f96d44c9000 ---p 0001c000 103:03 21235919                  /usr/lib/x86_64-linux-gnu/libz.so.1.2.11
7f96d44c9000-7f96d44ca000 r--p 0001c000 103:03 21235919                  /usr/lib/x86_64-linux-gnu/libz.so.1.2.11
7f96d44ca000-7f96d44cb000 rw-p 0001d000 103:03 21235919                  /usr/lib/x86_64-linux-gnu/libz.so.1.2.11
7f96d44cb000-7f96d44cd000 rw-p 00000000 00:00 0 
7f96d44cd000-7f96d44ce000 r--p 00000000 103:03 22287987                  /usr/lib/jvm/java-11-openjdk-amd64/lib/libextnet.so
7f96d44ce000-7f96d44cf000 r-xp 00001000 103:03 22287987                  /usr/lib/jvm/java-11-openjdk-amd64/lib/libextnet.so
7f96d44cf000-7f96d44d0000 r--p 00002000 103:03 22287987                  /usr/lib/jvm/java-11-openjdk-amd64/lib/libextnet.so
7f96d44d0000-7f96d44d1000 r--p 00002000 103:03 22287987                  /usr/lib/jvm/java-11-openjdk-amd64/lib/libextnet.so
7f96d44d1000-7f96d44d2000 rw-p 00003000 103:03 22287987                  /usr/lib/jvm/java-11-openjdk-amd64/lib/libextnet.so
7f96d44d2000-7f96d44d4000 r--s 00007000 103:03 21897276                  /usr/share/java/java-atk-wrapper.jar
7f96d44d4000-7f96d44dc000 rw-s 00000000 103:03 24123055                  /tmp/hsperfdata_guilherme/27900
7f96d44dc000-7f96d44dd000 ---p 00000000 00:00 0 
7f96d44dd000-7f96d44de000 r--p 00000000 00:00 0 
7f96d44de000-7f96d44e0000 r--p 00000000 103:03 22287997                  /usr/lib/jvm/java-11-openjdk-amd64/lib/libjimage.so
7f96d44e0000-7f96d44e3000 r-xp 00002000 103:03 22287997                  /usr/lib/jvm/java-11-openjdk-amd64/lib/libjimage.so
7f96d44e3000-7f96d44e4000 r--p 00005000 103:03 22287997                  /usr/lib/jvm/java-11-openjdk-amd64/lib/libjimage.so
7f96d44e4000-7f96d44e5000 ---p 00006000 103:03 22287997                  /usr/lib/jvm/java-11-openjdk-amd64/lib/libjimage.so
7f96d44e5000-7f96d44e6000 r--p 00006000 103:03 22287997                  /usr/lib/jvm/java-11-openjdk-amd64/lib/libjimage.so
7f96d44e6000-7f96d44e7000 rw-p 00007000 103:03 22287997                  /usr/lib/jvm/java-11-openjdk-amd64/lib/libjimage.so
7f96d44e7000-7f96d44ec000 r--p 00000000 103:03 22288013                  /usr/lib/jvm/java-11-openjdk-amd64/lib/libverify.so
7f96d44ec000-7f96d44f3000 r-xp 00005000 103:03 22288013                  /usr/lib/jvm/java-11-openjdk-amd64/lib/libverify.so
7f96d44f3000-7f96d44f5000 r--p 0000c000 103:03 22288013                  /usr/lib/jvm/java-11-openjdk-amd64/lib/libverify.so
7f96d44f5000-7f96d44f7000 r--p 0000d000 103:03 22288013                  /usr/lib/jvm/java-11-openjdk-amd64/lib/libverify.so
7f96d44f7000-7f96d44f8000 rw-p 0000f000 103:03 22288013                  /usr/lib/jvm/java-11-openjdk-amd64/lib/libverify.so
7f96d44f8000-7f96d44f9000 r--p 00000000 103:03 21233680                  /usr/lib/x86_64-linux-gnu/ld-2.28.so
7f96d44f9000-7f96d4517000 r-xp 00001000 103:03 21233680                  /usr/lib/x86_64-linux-gnu/ld-2.28.so
7f96d4517000-7f96d451f000 r--p 0001f000 103:03 21233680                  /usr/lib/x86_64-linux-gnu/ld-2.28.so
7f96d451f000-7f96d4520000 r--p 00026000 103:03 21233680                  /usr/lib/x86_64-linux-gnu/ld-2.28.so
7f96d4520000-7f96d4521000 rw-p 00027000 103:03 21233680                  /usr/lib/x86_64-linux-gnu/ld-2.28.so
7f96d4521000-7f96d4522000 rw-p 00000000 00:00 0 
7ffc1e8cc000-7ffc1e8ed000 rw-p 00000000 00:00 0                          [stack]
7ffc1e98c000-7ffc1e98f000 r--p 00000000 00:00 0                          [vvar]
7ffc1e98f000-7ffc1e991000 r-xp 00000000 00:00 0                          [vdso]


VM Arguments:
jvm_args: --add-opens=java.base/java.util=ALL-UNNAMED --add-opens=java.base/java.lang=ALL-UNNAMED --add-opens=java.base/java.lang.invoke=ALL-UNNAMED --add-opens=java.prefs/java.util.prefs=ALL-UNNAMED -Xmx1536M -Dfile.encoding=UTF-8 -Duser.country=BR -Duser.language=pt -Duser.variant 
java_command: org.gradle.launcher.daemon.bootstrap.GradleDaemon 5.6.2
java_class_path (initial): /home/guilherme/.gradle/wrapper/dists/gradle-5.6.2-all/9st6wgf78h16so49nn74lgtbb/gradle-5.6.2/lib/gradle-launcher-5.6.2.jar
Launcher Type: SUN_STANDARD

[Global flags]
     intx CICompilerCount                          = 4                                         {product} {ergonomic}
     uint ConcGCThreads                            = 3                                         {product} {ergonomic}
     uint G1ConcRefinementThreads                  = 10                                        {product} {ergonomic}
   size_t G1HeapRegionSize                         = 1048576                                   {product} {ergonomic}
    uintx GCDrainStackTargetSize                   = 64                                        {product} {ergonomic}
   size_t InitialHeapSize                          = 132120576                                 {product} {ergonomic}
   size_t MarkStackSize                            = 4194304                                   {product} {ergonomic}
   size_t MaxHeapSize                              = 1610612736                                {product} {command line}
   size_t MaxNewSize                               = 965738496                                 {product} {ergonomic}
   size_t MinHeapDeltaBytes                        = 1048576                                   {product} {ergonomic}
    uintx NonNMethodCodeHeapSize                   = 5836300                                {pd product} {ergonomic}
    uintx NonProfiledCodeHeapSize                  = 122910970                              {pd product} {ergonomic}
    uintx ProfiledCodeHeapSize                     = 122910970                              {pd product} {ergonomic}
    uintx ReservedCodeCacheSize                    = 251658240                              {pd product} {ergonomic}
     bool SegmentedCodeCache                       = true                                      {product} {ergonomic}
     bool UseCompressedClassPointers               = true                                 {lp64_product} {ergonomic}
     bool UseCompressedOops                        = true                                 {lp64_product} {ergonomic}
     bool UseG1GC                                  = true                                      {product} {ergonomic}

Logging:
Log output configuration:
 #0: stdout all=warning uptime,level,tags
 #1: stderr all=off uptime,level,tags

Environment Variables:
PATH=/usr/local/bin:/usr/bin:/bin:/usr/games
SHELL=/bin/zsh
DISPLAY=:0
LANG=pt_BR.UTF-8

Signal Handlers:
SIGSEGV: [libjvm.so+0xe36750], sa_mask[0]=11111111011111111101111111111110, sa_flags=SA_RESTART|SA_SIGINFO
SIGBUS: [libjvm.so+0xe36750], sa_mask[0]=11111111011111111101111111111110, sa_flags=SA_RESTART|SA_SIGINFO
SIGFPE: [libjvm.so+0xe36750], sa_mask[0]=11111111011111111101111111111110, sa_flags=SA_RESTART|SA_SIGINFO
SIGPIPE: [libjvm.so+0xb89470], sa_mask[0]=11111111011111111101111111111110, sa_flags=SA_RESTART|SA_SIGINFO
SIGXFSZ: [libjvm.so+0xb89470], sa_mask[0]=11111111011111111101111111111110, sa_flags=SA_RESTART|SA_SIGINFO
SIGILL: [libjvm.so+0xe36750], sa_mask[0]=11111111011111111101111111111110, sa_flags=SA_RESTART|SA_SIGINFO
SIGUSR2: [libjvm.so+0xb89300], sa_mask[0]=00100000000000000000010000000000, sa_flags=SA_RESTART|SA_SIGINFO
SIGHUP: [libjvm.so+0xb897b0], sa_mask[0]=11111111011111111101111111111110, sa_flags=SA_RESTART|SA_SIGINFO
SIGINT: [libjvm.so+0xb897b0], sa_mask[0]=11111111011111111101111111111110, sa_flags=SA_RESTART|SA_SIGINFO
SIGTERM: [libjvm.so+0xb897b0], sa_mask[0]=11111111011111111101111111111110, sa_flags=SA_RESTART|SA_SIGINFO
SIGQUIT: [libjvm.so+0xb897b0], sa_mask[0]=11111111011111111101111111111110, sa_flags=SA_RESTART|SA_SIGINFO


---------------  S Y S T E M  ---------------

OS:PRETTY_NAME="Debian GNU/Linux 10 (buster)"
NAME="Debian GNU/Linux"
VERSION_ID="10"
VERSION="10 (buster)"
VERSION_CODENAME=buster
ID=debian
HOME_URL="https://www.debian.org/"
SUPPORT_URL="https://www.debian.org/support"
BUG_REPORT_URL="https://bugs.debian.org/"
uname:Linux 4.19.0-17-amd64 #1 SMP Debian 4.19.194-3 (2021-07-18) x86_64
OS uptime: 0 days 3:05 hours
libc:glibc 2.28 NPTL 2.28 
rlimit (soft/hard): STACK 8192k/infinity , CORE 0k/infinity , NPROC 31108/31108 , NOFILE 1048576/1048576 , AS infinity/infinity , CPU infinity/infinity , DATA infinity/infinity , FSIZE infinity/infinity , MEMLOCK 65536k/65536k
load average:7,71 4,89 5,59

/proc/meminfo:
MemTotal:        8177904 kB
MemFree:          103496 kB
MemAvailable:      38524 kB
Buffers:            2148 kB
Cached:           990052 kB
SwapCached:         4892 kB
Active:          5261964 kB
Inactive:        1905592 kB
Active(anon):    5252832 kB
Inactive(anon):  1889432 kB
Active(file):       9132 kB
Inactive(file):    16160 kB
Unevictable:          32 kB
Mlocked:              32 kB
SwapTotal:        999420 kB
SwapFree:              0 kB
Dirty:                36 kB
Writeback:           176 kB
AnonPages:       6170684 kB
Mapped:           799716 kB
Shmem:            967064 kB
Slab:             333744 kB
SReclaimable:     114196 kB
SUnreclaim:       219548 kB
KernelStack:       33216 kB
PageTables:        97104 kB
NFS_Unstable:          0 kB
Bounce:                0 kB
WritebackTmp:          0 kB
CommitLimit:     5088372 kB
Committed_AS:   24766208 kB
VmallocTotal:   34359738367 kB
VmallocUsed:           0 kB
VmallocChunk:          0 kB
Percpu:            18432 kB
HardwareCorrupted:     0 kB
AnonHugePages:     32768 kB
ShmemHugePages:        0 kB
ShmemPmdMapped:        0 kB
HugePages_Total:       0
HugePages_Free:        0
HugePages_Rsvd:        0
HugePages_Surp:        0
Hugepagesize:       2048 kB
Hugetlb:               0 kB
DirectMap4k:      955116 kB
DirectMap2M:     7380992 kB
DirectMap1G:     1048576 kB

/sys/kernel/mm/transparent_hugepage/enabled:
[always] madvise never
/sys/kernel/mm/transparent_hugepage/defrag (defrag/compaction efforts parameter):
always defer defer+madvise [madvise] never

Process Memory:
Virtual Size: 7031256K (peak: 13000920K)
Resident Set Size: 475816K (peak: 475816K) (anon: 475816K, file: 0K, shmem: 0K)
Swapped out: 0K
C-Heap outstanding allocations: 302361K

/proc/sys/kernel/threads-max (system-wide limit on the number of threads):
62217
/proc/sys/vm/max_map_count (maximum number of memory map areas a process may have):
65530
/proc/sys/kernel/pid_max (system-wide limit on number of process identifiers):
32768

container (cgroup) information:
container_type: cgroupv1
cpu_cpuset_cpus: 0-11
cpu_memory_nodes: 0
active_processor_count: 12
cpu_quota: -1
cpu_period: 100000
cpu_shares: -1
memory_limit_in_bytes: -1
memory_and_swap_limit_in_bytes: -2
memory_soft_limit_in_bytes: -1
memory_usage_in_bytes: 5342928896
memory_max_usage_in_bytes: 5358239744

Steal ticks since vm start: 0
Steal ticks percentage since vm start:  0,000

CPU:total 12 (initial active 12) (12 cores per cpu, 2 threads per core) family 23 model 113 stepping 0 microcode 0x8701013, cmov, cx8, fxsr, mmx, sse, sse2, sse3, ssse3, sse4.1, sse4.2, popcnt, avx, avx2, aes, clmul, mmxext, 3dnowpref, lzcnt, sse4a, ht, tsc, tscinvbit, tscinv, bmi1, bmi2, adx, sha, fma
CPU Model and flags from /proc/cpuinfo:
model name	: AMD Ryzen 5 3600 6-Core Processor
flags		: fpu vme de pse tsc msr pae mce cx8 apic sep mtrr pge mca cmov pat pse36 clflush mmx fxsr sse sse2 ht syscall nx mmxext fxsr_opt pdpe1gb rdtscp lm constant_tsc rep_good nopl xtopology nonstop_tsc cpuid extd_apicid aperfmperf pni pclmulqdq monitor ssse3 fma cx16 sse4_1 sse4_2 movbe popcnt aes xsave avx f16c rdrand lahf_lm cmp_legacy svm extapic cr8_legacy abm sse4a misalignsse 3dnowprefetch osvw ibs skinit wdt tce topoext perfctr_core perfctr_nb bpext perfctr_llc mwaitx cpb cat_l3 cdp_l3 hw_pstate sme ssbd sev ibpb stibp vmmcall fsgsbase bmi1 avx2 smep bmi2 cqm rdt_a rdseed adx smap clflushopt clwb sha_ni xsaveopt xsavec xgetbv1 xsaves cqm_llc cqm_occup_llc cqm_mbm_total cqm_mbm_local clzero irperf xsaveerptr arat npt lbrv svm_lock nrip_save tsc_scale vmcb_clean flushbyasid decodeassists pausefilter pfthreshold avic v_vmsave_vmload vgif umip rdpid overflow_recov succor smca
Online cpus:
0-11
Offline cpus:
12-31
BIOS frequency limitation:
3600000
Frequency switch latency (ns):
0
Available cpu frequencies:
3600000 2800000 2200000 
Current governor:
ondemand
Core performance/turbo boost:
1

Memory: 4k page, physical 8177904k(101272k free), swap 999420k(0k free)

vm_info: OpenJDK 64-Bit Server VM (11.0.12+7-post-Debian-2deb10u1) for linux-amd64 JRE (11.0.12+7-post-Debian-2deb10u1), built on Jul 22 2021 17:25:10 by "unknown" with gcc 8.3.0

END.
